<?xml version="1.0" encoding="UTF-8"?>
<robot generator="Robot 7.2.2 (Python 3.13.3 on win32)" generated="2025-04-21T17:01:15.318074" rpa="false" schemaversion="5">
<suite id="s1" name="EndData" source="C:\Users\USER\PycharmProjects\PublicAPI\End_Of_Day_Data\EndData.robot">
<kw name="Create Session" owner="RequestsLibrary" type="SETUP">
<msg time="2025-04-21T17:01:16.020174" level="INFO">Creating Session using : alias=marketstack, url=https://api.marketstack.com, headers={},                     cookies={}, auth=None, timeout=None, proxies=None, verify=False,                     debug=0 </msg>
<arg>marketstack</arg>
<arg>https://api.marketstack.com</arg>
<doc>Create Session: create a HTTP session to a server</doc>
<status status="PASS" start="2025-04-21T17:01:16.019951" elapsed="0.000483"/>
</kw>
<test id="s1-t1" name="Validate API Response - Pagination" line="15">
<kw name="GET On Session" owner="RequestsLibrary">
<msg time="2025-04-21T17:01:17.633775" level="INFO">GET Request : url=https://api.marketstack.com/v1/eod?access_key=6de3bc3aed9c278a1bd96132cb52d7e5&amp;symbols=AAPL 
 path_url=/v1/eod?access_key=6de3bc3aed9c278a1bd96132cb52d7e5&amp;symbols=AAPL 
 headers={'User-Agent': 'python-requests/2.32.3', 'Accept-Encoding': 'gzip, deflate', 'Accept': '*/*', 'Connection': 'keep-alive'} 
 body=None 
 </msg>
<msg time="2025-04-21T17:01:17.634065" level="INFO">GET Response : url=https://api.marketstack.com/v1/eod?access_key=6de3bc3aed9c278a1bd96132cb52d7e5&amp;symbols=AAPL 
 status=200, reason=OK 
 headers={'Date': 'Mon, 21 Apr 2025 11:01:15 GMT', 'Content-Type': 'application/json', 'Transfer-Encoding': 'chunked', 'Connection': 'keep-alive', 'X-Ratelimit-Limit-Second': '5', 'X-Ratelimit-Reset-Second': '1745233276', 'X-Ratelimit-Remaining-Second': '4', 'Cache-Control': 'no-cache, private', 'X-Request-Time': '0.045, 0.073', 'X-Apilayer-Transaction-Id': 'cd8cc0aa-211d-4773-a865-2d7c0e1b6aea', 'Access-Control-Allow-Origin': '*', 'Access-Control-Allow-Methods': 'GET, POST, HEAD, OPTIONS', 'Access-Control-Allow-Headers': '*', 'X-Quota-Limit': '100', 'X-Quota-Remaining': '77', 'X-Increment-Usage': '1', 'Cf-Cache-Status': 'DYNAMIC', 'Content-Encoding': 'gzip', 'Server': 'cloudflare', 'CF-RAY': '933c61df9e037871-DAC', 'alt-svc': 'h3=":443"; ma=86400'} 
 body={"pagination":{"limit":100,"offset":0,"count":100,"total":100},"data":[{"open":197.2,"high":198.8335,"low":194.42,"close":196.98,"volume":52164675.0,"adj_high":198.8335,"adj_low":194.42,"adj_close":196.98,"adj_open":197.2,"adj_volume":52164675.0,"split_factor":1.0,"dividend":0.0,"symbol":"AAPL","exchange":"XNAS","date":"2025-04-17T00:00:00+0000"},{"open":198.36,"high":200.7,"low":192.37,"close":194.27,"volume":58802034.0,"adj_high":200.7,"adj_low":192.37,"adj_close":194.27,"adj_open":198.36,"adj_volume":59732423.0,"split_factor":1.0,"dividend":0.0,"symbol":"AAPL","exchange":"XNAS","date":"2025-04-16T00:00:00+0000"},{"open":201.855,"high":203.505,"low":199.82,"close":202.14,"volume":50304417.0,"adj_high":203.51,"adj_low":199.8,"adj_close":202.14,"adj_open":201.855,"adj_volume":51343872.0,"split_factor":1.0,"dividend":0.0,"symbol":"AAPL","exchange":"XNAS","date":"2025-04-15T00:00:00+0000"},{"open":211.44,"high":212.94,"low":201.1621,"close":202.52,"volume":100650083.0,"adj_high":212.94,"adj_low":201.1621,"adj_close":202.52,"adj_open":211.44,"adj_volume":101352911.0,"split_factor":1.0,"dividend":0.0,"symbol":"AAPL","exchange":"XNAS","date":"2025-04-14T00:00:00+0000"},{"open":186.1,"high":199.54,"low":186.06,"close":198.15,"volume":87300000.0,"adj_high":199.54,"adj_low":186.06,"adj_close":198.15,"adj_open":186.1,"adj_volume":87435915.0,"split_factor":1.0,"dividend":0.0,"symbol":"AAPL","exchange":"XNAS","date":"2025-04-11T00:00:00+0000"},{"open":189.165,"high":194.7799,"low":183.0,"close":190.42,"volume":117183840.0,"adj_high":194.7799,"adj_low":183.0,"adj_close":190.42,"adj_open":189.065,"adj_volume":121879981.0,"split_factor":1.0,"dividend":0.0,"symbol":"AAPL","exchange":"XNAS","date":"2025-04-10T00:00:00+0000"},{"open":172.179,"high":200.61,"low":171.89,"close":198.85,"volume":182793290.0,"adj_high":200.61,"adj_low":171.89,"adj_close":198.85,"adj_open":171.95,"adj_volume":184395885.0,"split_factor":1.0,"dividend":0.0,"symbol":"AAPL","exchange":"XNAS","date":"2025-04-09T00:00:00+0000"},{"open":186.73,"high":190.335,"low":169.2101,"close":172.42,"volume":119908881.0,"adj_high":190.335,"adj_low":169.2101,"adj_close":172.42,"adj_open":186.7,"adj_volume":120859491.0,"split_factor":1.0,"dividend":0.0,"symbol":"AAPL","exchange":"XNAS","date":"2025-04-08T00:00:00+0000"},{"open":177.24,"high":194.14,"low":174.62,"close":181.46,"volume":157350538.0,"adj_high":194.15,"adj_low":174.62,"adj_close":181.46,"adj_open":177.2,"adj_volume":160466286.0,"split_factor":1.0,"dividend":0.0,"symbol":"AAPL","exchange":"XNAS","date":"2025-04-07T00:00:00+0000"},{"open":193.89,"high":199.88,"low":187.34,"close":188.38,"volume":125569000.0,"adj_high":199.88,"adj_low":187.34,"adj_close":188.38,"adj_open":193.89,"adj_volume":125910913.0,"split_factor":1.0,"dividend":0.0,"symbol":"AAPL","exchange":"XNAS","date":"2025-04-04T00:00:00+0000"},{"open":205.52,"high":207.4899,"low":201.25,"close":203.19,"volume":102947073.0,"adj_high":207.49,"adj_low":201.25,"adj_close":203.19,"adj_open":205.54,"adj_volume":103419006.0,"split_factor":1.0,"dividend":0.0,"symbol":"AAPL","exchange":"XNAS","date":"2025-04-03T00:00:00+0000"},{"open":221.19,"high":225.19,"low":221.05,"close":223.89,"volume":31731885.0,"adj_high":225.19,"adj_low":221.02,"adj_close":223.89,"adj_open":221.315,"adj_volume":35905904.0,"split_factor":1.0,"dividend":0.0,"symbol":"AAPL","exchange":"XNAS","date":"2025-04-02T00:00:00+0000"},{"open":219.805,"high":223.49,"low":218.9,"close":223.19,"volume":36361327.0,"adj_high":223.68,"adj_low":218.9,"adj_close":223.19,"adj_open":219.805,"adj_volume":36412740.0,"split_factor":1.0,"dividend":0.0,"symbol":"AAPL","exchange":"XNAS","date":"2025-04-01T00:00:00+0000"},{"open":217.22,"high":224.97,"low":216.24,"close":222.13,"volume":65078252.0,"adj_high":225.62,"adj_low":216.23,"adj_close":222.13,"adj_open":217.005,"adj_volume":65299321.0,"split_factor":1.0,"dividend":0.0,"symbol":"AAPL","exchange":"XNAS","date":"2025-03-31T00:00:00+0000"},{"open":221.67,"high":223.81,"low":217.68,"close":217.9,"volume":39784100.0,"adj_high":223.81,"adj_low":217.68,"adj_close":217.9,"adj_open":221.67,"adj_volume":39818617.0,"split_factor":1.0,"dividend":0.0,"symbol":"AAPL","exchange":"XNAS","date":"2025-03-28T00:00:00+0000"},{"open":221.33,"high":224.99,"low":220.5601,"close":223.85,"volume":36700954.0,"adj_high":224.99,"adj_low":220.5601,"adj_close":223.85,"adj_open":221.39,"adj_volume":37094774.0,"split_factor":1.0,"dividend":0.0,"symbol":"AAPL","exchange":"XNAS","date":"2025-03-27T00:00:00+0000"},{"open":223.51,"high":225.02,"low":220.47,"close":221.53,"volume":34436815.0,"adj_high":225.02,"adj_low":220.47,"adj_close":221.53,"adj_open":223.51,"adj_volume":34532656.0,"split_factor":1.0,"dividend":0.0,"symbol":"AAPL","exchange":"XNAS","date":"2025-03-26T00:00:00+0000"},{"open":220.81,"high":224.1,"low":220.08,"close":223.75,"volume":34299912.0,"adj_high":224.1,"adj_low":220.08,"adj_close":223.75,"adj_open":220.77,"adj_volume":34493583.0,"split_factor":1.0,"dividend":0.0,"symbol":"AAPL","exchange":"XNAS","date":"2025-03-25T00:00:00+0000"},{"open":221.0,"high":221.021,"low":218.58,"close":220.73,"volume":42364298.0,"adj_high":221.48,"adj_low":218.58,"adj_close":220.73,"adj_open":221.0,"adj_volume":44299483.0,"split_factor":1.0,"dividend":0.0,"symbol":"AAPL","exchange":"XNAS","date":"2025-03-24T00:00:00+0000"},{"open":211.56,"high":218.84,"low":211.28,"close":218.27,"volume":93954500.0,"adj_high":218.84,"adj_low":211.28,"adj_close":218.27,"adj_open":211.56,"adj_volume":94127768.0,"split_factor":1.0,"dividend":0.0,"symbol":"AAPL","exchange":"XNAS","date":"2025-03-21T00:00:00+0000"},{"open":213.99,"high":217.4899,"low":212.22,"close":214.1,"volume":48775040.0,"adj_high":217.4899,"adj_low":212.22,"adj_close":214.1,"adj_open":213.99,"adj_volume":48862947.0,"split_factor":1.0,"dividend":0.0,"symbol":"AAPL","exchange":"XNAS","date":"2025-03-20T00:00:00+0000"},{"open":214.22,"high":218.76,"low":213.75,"close":215.24,"volume":54237276.0,"adj_high":218.76,"adj_low":213.75,"adj_close":215.24,"adj_open":214.22,"adj_volume":54385391.0,"split_factor":1.0,"dividend":0.0,"symbol":"AAPL","exchange":"XNAS","date":"2025-03-19T00:00:00+0000"},{"open":214.14,"high":215.15,"low":211.49,"close":212.69,"volume":41207689.0,"adj_high":215.15,"adj_low":211.49,"adj_close":212.69,"adj_open":214.16,"adj_volume":42432426.0,"split_factor":1.0,"dividend":0.0,"symbol":"AAPL","exchange":"XNAS","date":"2025-03-18T00:00:00+0000"},{"open":213.36,"high":215.22,"low":209.98,"close":214.0,"volume":47841607.0,"adj_high":215.22,"adj_low":209.97,"adj_close":214.0,"adj_open":213.31,"adj_volume":48073426.0,"split_factor":1.0,"dividend":0.0,"symbol":"AAPL","exchange":"XNAS","date":"2025-03-17T00:00:00+0000"},{"open":211.25,"high":213.95,"low":209.58,"close":213.49,"volume":60060200.0,"adj_high":213.95,"adj_low":209.58,"adj_close":213.49,"adj_open":211.25,"adj_volume":60107582.0,"split_factor":1.0,"dividend":0.0,"symbol":"AAPL","exchange":"XNAS","date":"2025-03-14T00:00:00+0000"},{"open":215.94,"high":216.8394,"low":208.42,"close":209.68,"volume":60306872.0,"adj_high":216.8394,"adj_low":208.42,"adj_close":209.68,"adj_open":215.95,"adj_volume":61368330.0,"split_factor":1.0,"dividend":0.0,"symbol":"AAPL","exchange":"XNAS","date":"2025-03-13T00:00:00+0000"},{"open":220.14,"high":221.75,"low":214.91,"close":216.98,"volume":62466400.0,"adj_high":221.75,"adj_low":214.91,"adj_close":216.98,"adj_open":220.14,"adj_volume":62547467.0,"split_factor":1.0,"dividend":0.0,"symbol":"AAPL","exchange":"XNAS","date":"2025-03-12T00:00:00+0000"},{"open":223.8,"high":225.8399,"low":217.45,"close":220.84,"volume":73947348.0,"adj_high":225.8399,"adj_low":217.45,"adj_close":220.84,"adj_open":223.805,"adj_volume":76137410.0,"split_factor":1.0,"dividend":0.0,"symbol":"AAPL","exchange":"XNAS","date":"2025-03-11T00:00:00+0000"},{"open":235.48,"high":236.16,"low":224.22,"close":227.48,"volume":71374783.0,"adj_high":236.16,"adj_low":224.22,"adj_close":227.48,"adj_open":235.54,"adj_volume":71451281.0,"split_factor":1.0,"dividend":0.0,"symbol":"AAPL","exchange":"XNAS","date":"2025-03-10T00:00:00+0000"},{"open":235.11,"high":241.37,"low":234.76,"close":239.07,"volume":46245700.0,"adj_high":241.37,"adj_low":234.76,"adj_close":239.07,"adj_open":235.105,"adj_volume":46273565.0,"split_factor":1.0,"dividend":0.0,"symbol":"AAPL","exchange":"XNAS","date":"2025-03-07T00:00:00+0000"},{"open":234.435,"high":237.86,"low":233.1581,"close":235.33,"volume":44375329.0,"adj_high":237.86,"adj_low":233.1581,"adj_close":235.33,"adj_open":234.435,"adj_volume":45170419.0,"split_factor":1.0,"dividend":0.0,"symbol":"AAPL","exchange":"XNAS","date":"2025-03-06T00:00:00+0000"},{"open":235.42,"high":236.55,"low":229.23,"close":235.74,"volume":47200800.0,"adj_high":236.55,"adj_low":229.23,"adj_close":235.74,"adj_open":235.42,"adj_volume":47227643.0,"split_factor":1.0,"dividend":0.0,"symbol":"AAPL","exchange":"XNAS","date":"2025-03-05T00:00:00+0000"},{"open":237.705,"high":240.07,"low":234.7,"close":235.93,"volume":53101971.0,"adj_high":240.07,"adj_low":234.68,"adj_close":235.93,"adj_open":237.705,"adj_volume":53798062.0,"split_factor":1.0,"dividend":0.0,"symbol":"AAPL","exchange":"XNAS","date":"2025-03-04T00:00:00+0000"},{"open":241.722,"high":244.0272,"low":236.112,"close":238.03,"volume":46788610.0,"adj_high":244.0272,"adj_low":236.112,"adj_close":238.03,"adj_open":241.79,"adj_volume":47183985.0,"split_factor":1.0,"dividend":0.0,"symbol":"AAPL","exchange":"XNAS","date":"2025-03-03T00:00:00+0000"},{"open":236.95,"high":242.09,"low":230.2,"close":241.84,"volume":56796200.0,"adj_high":242.09,"adj_low":230.2,"adj_close":241.84,"adj_open":236.95,"adj_volume":56833360.0,"split_factor":1.0,"dividend":0.0,"symbol":"AAPL","exchange":"XNAS","date":"2025-02-28T00:00:00+0000"},{"open":239.41,"high":242.46,"low":237.1,"close":237.3,"volume":40535155.0,"adj_high":242.46,"adj_low":237.06,"adj_close":237.3,"adj_open":239.41,"adj_volume":41153639.0,"split_factor":1.0,"dividend":0.0,"symbol":"AAPL... (set the log level to DEBUG or TRACE to see the full content) 
 </msg>
<msg time="2025-04-21T17:01:17.634486" level="INFO">C:\Users\USER\AppData\Local\Programs\Python\Python313\Lib\site-packages\urllib3\connectionpool.py:1097: InsecureRequestWarning: Unverified HTTPS request is being made to host 'api.marketstack.com'. Adding certificate verification is strongly advised. See: https://urllib3.readthedocs.io/en/latest/advanced-usage.html#tls-warnings
  warnings.warn(</msg>
<msg time="2025-04-21T17:01:17.634871" level="INFO">${response} = &lt;Response [200]&gt;</msg>
<var>${response}</var>
<arg>marketstack</arg>
<arg>${ENDPOINT}</arg>
<doc>Sends a GET request on a previously created HTTP Session.</doc>
<status status="PASS" start="2025-04-21T17:01:16.021130" elapsed="1.613868"/>
</kw>
<kw name="To Json" owner="RequestsLibrary">
<msg time="2025-04-21T17:01:17.635744" level="WARN">Keyword 'RequestsLibrary.To Json' is deprecated. Please use ${resp.json()} instead. Have a look at the improved HTML output as pretty printing replacement.</msg>
<msg time="2025-04-21T17:01:17.638689" level="INFO">To JSON using : content={"pagination":{"limit":100,"offset":0,"count":100,"total":100},"data":[{"open":197.2,"high":198.8335,"low":194.42,"close":196.98,"volume":52164675.0,"adj_high":198.8335,"adj_low":194.42,"adj_close":196.98,"adj_open":197.2,"adj_volume":52164675.0,"split_factor":1.0,"dividend":0.0,"symbol":"AAPL","exchange":"XNAS","date":"2025-04-17T00:00:00+0000"},{"open":198.36,"high":200.7,"low":192.37,"close":194.27,"volume":58802034.0,"adj_high":200.7,"adj_low":192.37,"adj_close":194.27,"adj_open":198.36,"adj_volume":59732423.0,"split_factor":1.0,"dividend":0.0,"symbol":"AAPL","exchange":"XNAS","date":"2025-04-16T00:00:00+0000"},{"open":201.855,"high":203.505,"low":199.82,"close":202.14,"volume":50304417.0,"adj_high":203.51,"adj_low":199.8,"adj_close":202.14,"adj_open":201.855,"adj_volume":51343872.0,"split_factor":1.0,"dividend":0.0,"symbol":"AAPL","exchange":"XNAS","date":"2025-04-15T00:00:00+0000"},{"open":211.44,"high":212.94,"low":201.1621,"close":202.52,"volume":100650083.0,"adj_high":212.94,"adj_low":201.1621,"adj_close":202.52,"adj_open":211.44,"adj_volume":101352911.0,"split_factor":1.0,"dividend":0.0,"symbol":"AAPL","exchange":"XNAS","date":"2025-04-14T00:00:00+0000"},{"open":186.1,"high":199.54,"low":186.06,"close":198.15,"volume":87300000.0,"adj_high":199.54,"adj_low":186.06,"adj_close":198.15,"adj_open":186.1,"adj_volume":87435915.0,"split_factor":1.0,"dividend":0.0,"symbol":"AAPL","exchange":"XNAS","date":"2025-04-11T00:00:00+0000"},{"open":189.165,"high":194.7799,"low":183.0,"close":190.42,"volume":117183840.0,"adj_high":194.7799,"adj_low":183.0,"adj_close":190.42,"adj_open":189.065,"adj_volume":121879981.0,"split_factor":1.0,"dividend":0.0,"symbol":"AAPL","exchange":"XNAS","date":"2025-04-10T00:00:00+0000"},{"open":172.179,"high":200.61,"low":171.89,"close":198.85,"volume":182793290.0,"adj_high":200.61,"adj_low":171.89,"adj_close":198.85,"adj_open":171.95,"adj_volume":184395885.0,"split_factor":1.0,"dividend":0.0,"symbol":"AAPL","exchange":"XNAS","date":"2025-04-09T00:00:00+0000"},{"open":186.73,"high":190.335,"low":169.2101,"close":172.42,"volume":119908881.0,"adj_high":190.335,"adj_low":169.2101,"adj_close":172.42,"adj_open":186.7,"adj_volume":120859491.0,"split_factor":1.0,"dividend":0.0,"symbol":"AAPL","exchange":"XNAS","date":"2025-04-08T00:00:00+0000"},{"open":177.24,"high":194.14,"low":174.62,"close":181.46,"volume":157350538.0,"adj_high":194.15,"adj_low":174.62,"adj_close":181.46,"adj_open":177.2,"adj_volume":160466286.0,"split_factor":1.0,"dividend":0.0,"symbol":"AAPL","exchange":"XNAS","date":"2025-04-07T00:00:00+0000"},{"open":193.89,"high":199.88,"low":187.34,"close":188.38,"volume":125569000.0,"adj_high":199.88,"adj_low":187.34,"adj_close":188.38,"adj_open":193.89,"adj_volume":125910913.0,"split_factor":1.0,"dividend":0.0,"symbol":"AAPL","exchange":"XNAS","date":"2025-04-04T00:00:00+0000"},{"open":205.52,"high":207.4899,"low":201.25,"close":203.19,"volume":102947073.0,"adj_high":207.49,"adj_low":201.25,"adj_close":203.19,"adj_open":205.54,"adj_volume":103419006.0,"split_factor":1.0,"dividend":0.0,"symbol":"AAPL","exchange":"XNAS","date":"2025-04-03T00:00:00+0000"},{"open":221.19,"high":225.19,"low":221.05,"close":223.89,"volume":31731885.0,"adj_high":225.19,"adj_low":221.02,"adj_close":223.89,"adj_open":221.315,"adj_volume":35905904.0,"split_factor":1.0,"dividend":0.0,"symbol":"AAPL","exchange":"XNAS","date":"2025-04-02T00:00:00+0000"},{"open":219.805,"high":223.49,"low":218.9,"close":223.19,"volume":36361327.0,"adj_high":223.68,"adj_low":218.9,"adj_close":223.19,"adj_open":219.805,"adj_volume":36412740.0,"split_factor":1.0,"dividend":0.0,"symbol":"AAPL","exchange":"XNAS","date":"2025-04-01T00:00:00+0000"},{"open":217.22,"high":224.97,"low":216.24,"close":222.13,"volume":65078252.0,"adj_high":225.62,"adj_low":216.23,"adj_close":222.13,"adj_open":217.005,"adj_volume":65299321.0,"split_factor":1.0,"dividend":0.0,"symbol":"AAPL","exchange":"XNAS","date":"2025-03-31T00:00:00+0000"},{"open":221.67,"high":223.81,"low":217.68,"close":217.9,"volume":39784100.0,"adj_high":223.81,"adj_low":217.68,"adj_close":217.9,"adj_open":221.67,"adj_volume":39818617.0,"split_factor":1.0,"dividend":0.0,"symbol":"AAPL","exchange":"XNAS","date":"2025-03-28T00:00:00+0000"},{"open":221.33,"high":224.99,"low":220.5601,"close":223.85,"volume":36700954.0,"adj_high":224.99,"adj_low":220.5601,"adj_close":223.85,"adj_open":221.39,"adj_volume":37094774.0,"split_factor":1.0,"dividend":0.0,"symbol":"AAPL","exchange":"XNAS","date":"2025-03-27T00:00:00+0000"},{"open":223.51,"high":225.02,"low":220.47,"close":221.53,"volume":34436815.0,"adj_high":225.02,"adj_low":220.47,"adj_close":221.53,"adj_open":223.51,"adj_volume":34532656.0,"split_factor":1.0,"dividend":0.0,"symbol":"AAPL","exchange":"XNAS","date":"2025-03-26T00:00:00+0000"},{"open":220.81,"high":224.1,"low":220.08,"close":223.75,"volume":34299912.0,"adj_high":224.1,"adj_low":220.08,"adj_close":223.75,"adj_open":220.77,"adj_volume":34493583.0,"split_factor":1.0,"dividend":0.0,"symbol":"AAPL","exchange":"XNAS","date":"2025-03-25T00:00:00+0000"},{"open":221.0,"high":221.021,"low":218.58,"close":220.73,"volume":42364298.0,"adj_high":221.48,"adj_low":218.58,"adj_close":220.73,"adj_open":221.0,"adj_volume":44299483.0,"split_factor":1.0,"dividend":0.0,"symbol":"AAPL","exchange":"XNAS","date":"2025-03-24T00:00:00+0000"},{"open":211.56,"high":218.84,"low":211.28,"close":218.27,"volume":93954500.0,"adj_high":218.84,"adj_low":211.28,"adj_close":218.27,"adj_open":211.56,"adj_volume":94127768.0,"split_factor":1.0,"dividend":0.0,"symbol":"AAPL","exchange":"XNAS","date":"2025-03-21T00:00:00+0000"},{"open":213.99,"high":217.4899,"low":212.22,"close":214.1,"volume":48775040.0,"adj_high":217.4899,"adj_low":212.22,"adj_close":214.1,"adj_open":213.99,"adj_volume":48862947.0,"split_factor":1.0,"dividend":0.0,"symbol":"AAPL","exchange":"XNAS","date":"2025-03-20T00:00:00+0000"},{"open":214.22,"high":218.76,"low":213.75,"close":215.24,"volume":54237276.0,"adj_high":218.76,"adj_low":213.75,"adj_close":215.24,"adj_open":214.22,"adj_volume":54385391.0,"split_factor":1.0,"dividend":0.0,"symbol":"AAPL","exchange":"XNAS","date":"2025-03-19T00:00:00+0000"},{"open":214.14,"high":215.15,"low":211.49,"close":212.69,"volume":41207689.0,"adj_high":215.15,"adj_low":211.49,"adj_close":212.69,"adj_open":214.16,"adj_volume":42432426.0,"split_factor":1.0,"dividend":0.0,"symbol":"AAPL","exchange":"XNAS","date":"2025-03-18T00:00:00+0000"},{"open":213.36,"high":215.22,"low":209.98,"close":214.0,"volume":47841607.0,"adj_high":215.22,"adj_low":209.97,"adj_close":214.0,"adj_open":213.31,"adj_volume":48073426.0,"split_factor":1.0,"dividend":0.0,"symbol":"AAPL","exchange":"XNAS","date":"2025-03-17T00:00:00+0000"},{"open":211.25,"high":213.95,"low":209.58,"close":213.49,"volume":60060200.0,"adj_high":213.95,"adj_low":209.58,"adj_close":213.49,"adj_open":211.25,"adj_volume":60107582.0,"split_factor":1.0,"dividend":0.0,"symbol":"AAPL","exchange":"XNAS","date":"2025-03-14T00:00:00+0000"},{"open":215.94,"high":216.8394,"low":208.42,"close":209.68,"volume":60306872.0,"adj_high":216.8394,"adj_low":208.42,"adj_close":209.68,"adj_open":215.95,"adj_volume":61368330.0,"split_factor":1.0,"dividend":0.0,"symbol":"AAPL","exchange":"XNAS","date":"2025-03-13T00:00:00+0000"},{"open":220.14,"high":221.75,"low":214.91,"close":216.98,"volume":62466400.0,"adj_high":221.75,"adj_low":214.91,"adj_close":216.98,"adj_open":220.14,"adj_volume":62547467.0,"split_factor":1.0,"dividend":0.0,"symbol":"AAPL","exchange":"XNAS","date":"2025-03-12T00:00:00+0000"},{"open":223.8,"high":225.8399,"low":217.45,"close":220.84,"volume":73947348.0,"adj_high":225.8399,"adj_low":217.45,"adj_close":220.84,"adj_open":223.805,"adj_volume":76137410.0,"split_factor":1.0,"dividend":0.0,"symbol":"AAPL","exchange":"XNAS","date":"2025-03-11T00:00:00+0000"},{"open":235.48,"high":236.16,"low":224.22,"close":227.48,"volume":71374783.0,"adj_high":236.16,"adj_low":224.22,"adj_close":227.48,"adj_open":235.54,"adj_volume":71451281.0,"split_factor":1.0,"dividend":0.0,"symbol":"AAPL","exchange":"XNAS","date":"2025-03-10T00:00:00+0000"},{"open":235.11,"high":241.37,"low":234.76,"close":239.07,"volume":46245700.0,"adj_high":241.37,"adj_low":234.76,"adj_close":239.07,"adj_open":235.105,"adj_volume":46273565.0,"split_factor":1.0,"dividend":0.0,"symbol":"AAPL","exchange":"XNAS","date":"2025-03-07T00:00:00+0000"},{"open":234.435,"high":237.86,"low":233.1581,"close":235.33,"volume":44375329.0,"adj_high":237.86,"adj_low":233.1581,"adj_close":235.33,"adj_open":234.435,"adj_volume":45170419.0,"split_factor":1.0,"dividend":0.0,"symbol":"AAPL","exchange":"XNAS","date":"2025-03-06T00:00:00+0000"},{"open":235.42,"high":236.55,"low":229.23,"close":235.74,"volume":47200800.0,"adj_high":236.55,"adj_low":229.23,"adj_close":235.74,"adj_open":235.42,"adj_volume":47227643.0,"split_factor":1.0,"dividend":0.0,"symbol":"AAPL","exchange":"XNAS","date":"2025-03-05T00:00:00+0000"},{"open":237.705,"high":240.07,"low":234.7,"close":235.93,"volume":53101971.0,"adj_high":240.07,"adj_low":234.68,"adj_close":235.93,"adj_open":237.705,"adj_volume":53798062.0,"split_factor":1.0,"dividend":0.0,"symbol":"AAPL","exchange":"XNAS","date":"2025-03-04T00:00:00+0000"},{"open":241.722,"high":244.0272,"low":236.112,"close":238.03,"volume":46788610.0,"adj_high":244.0272,"adj_low":236.112,"adj_close":238.03,"adj_open":241.79,"adj_volume":47183985.0,"split_factor":1.0,"dividend":0.0,"symbol":"AAPL","exchange":"XNAS","date":"2025-03-03T00:00:00+0000"},{"open":236.95,"high":242.09,"low":230.2,"close":241.84,"volume":56796200.0,"adj_high":242.09,"adj_low":230.2,"adj_close":241.84,"adj_open":236.95,"adj_volume":56833360.0,"split_factor":1.0,"dividend":0.0,"symbol":"AAPL","exchange":"XNAS","date":"2025-02-28T00:00:00+0000"},{"open":239.41,"high":242.46,"low":237.1,"close":237.3,"volume":40535155.0,"adj_high":242.46,"adj_low":237.06,"adj_close":237.3,"adj_open":239.41,"adj_volume":41153639.0,"split_factor":1.0,"dividend":0.0,"symbol":"AAPL","exchange":"XNAS","date":"2025-02-27T00:00:00+0000"},{"open":244.33,"high":244.98,"low":239.13,"close":240.36,"volume":43602013.0,"adj_high":244.98,"adj_low":239.13,"adj_close":240.36,"adj_open":244.33,"adj_volume":44433564.0,"split_factor":1.0,"dividend":0.0,"symbol":"AAPL","exchange":"XNAS","date":"2025-02-26T00:00:00+0000"},{"open":248.0,"high":249.98,"low":244.91,"close":247.04,"volume":46872348.0,"adj_high":250.0,"adj_low":244.91,"adj_close":247.04,"adj_open":248.0,"adj_volume":48013272.0,"split_factor":1.0,"dividend":0.0,"symbol":"AAPL","exchange":"XNAS","date":"2025-02-25T00:00:00+0000"},{"open":244.808,"high":248.86,"low":244.59,"close":247.1,"volume":51143732.0,"adj_high":248.86,"adj_low":244.42,"adj_close":247.1,"adj_open":244.925,"adj_volume":51326396.0,"split_factor":1.0,"dividend":0.0,"symbol":"AAPL","exchange":"XNAS","date":"2025-02-24T00:00:00+0000"},{"open":245.95,"high":248.69,"low":245.22,"close":245.55,"volume":53119400.0,"adj_high":248.69,"adj_low":245.22,"adj_close":245.55,"adj_open":245.95,"adj_volume":53197431.0,"split_factor":1.0,"dividend":0.0,"symbol":"AAPL","exchange":"XNAS","date":"2025-02-21T00:00:00+0000"},{"open":244.97,"high":246.78,"low":244.29,"close":245.83,"volume":31125149.0,"adj_high":246.78,"adj_low":244.29,"adj_close":245.83,"adj_open":244.94,"adj_volume":32316907.0,"split_factor":1.0,"dividend":0.0,"symbol":"AAPL","exchange":"XNAS","date":"2025-02-20T00:00:00+0000"},{"open":244.66,"high":246.01,"low":243.16,"close":244.87,"volume":32184200.0,"adj_high":246.01,"adj_low":243.1604,"adj_close":244.87,"adj_open":244.66,"adj_volume":32204215.0,"split_factor":1.0,"dividend":0.0,"symbol":"AAPL","exchange":"XNAS","date":"2025-02-19T00:00:00+0000"},{"open":243.91,"high":245.18,"low":241.84,"close":244.47,"volume":48158313.0,"adj_high":245.18,"adj_low":241.84,"adj_close":244.47,"adj_open":244.15,"adj_volume":48822491.0,"split_factor":1.0,"dividend":0.0,"symbol":"AAPL","exchange":"XNAS","date":"2025-02-18T00:00:00+0000"},{"open":241.25,"high":245.55,"low":240.99,"close":244.6,"volume":40896227.0,"adj_high":245.55,"adj_low":240.99,"adj_close":244.6,"adj_open":241.25,"adj_volume":40896227.0,"split_factor":1.0,"dividend":0.0,"symbol":"AAPL","exchange":"XNAS","date":"2025-02-14T00:00:00+0000"},{"open":236.91,"high":242.34,"low":235.57,"close":241.53,"volume":53543300.0,"adj_high":242.3399,"adj_low":235.57,"adj_close":241.53,"adj_open":236.91,"adj_volume":53614054.0,"split_factor":1.0,"dividend":0.0,"symbol":"AAPL","exchange":"XNAS","date":"2025-02-13T00:00:00+0000"},{"open":231.2,"high":236.96,"low":230.68,"close":236.87,"volume":45243300.0,"adj_high":236.96,"adj_low":230.68,"adj_close":236.87,"adj_open":231.2,"adj_volume":45243292.0,"split_factor":1.0,"dividend":0.0,"symbol":"AAPL","exchange":"XNAS","date":"2025-02-12T00:00:00+0000"},{"open":228.2,"high":235.23,"low":228.13,"close":232.62,"volume":53677600.0,"adj_high":235.23,"adj_low":228.13,"adj_close":232.62,"adj_open":228.2,"adj_volume":53718362.0,"split_factor":1.0,"dividend":0.0,"symbol":"AAPL","exchange":"XNAS","date":"2025-02-11T00:00:00+0000"},{"open":229.57,"high":230.59,"low":227.2,"close":227.65,"volume":33035700.0,"adj_high":230.585,"adj_low":227.2,"adj_close":227.65,"adj_open":229.57,"adj_volume":33115645.0,"split_factor":1.0,"dividend":0.25,"symbol":"AAPL","exchange":"XNAS","date":"2025-02-10T00:00:00+0000"},{"open":232.6,"high":234.0,"low":227.26,"close":227.63,"volume":39666100.0,"adj_high":234.0,"adj_low":227.26,"adj_close":227.38,"adj_open":232.6,"adj_volume":39707224.0,"split_factor":1.0,"dividend":0.0,"symbol":"AAPL","exchange":"XNAS","date":"2025-02-07T00:00:00+0000"},{"open":231.34,"high":233.8,"low":230.425,"close":233.22,"volume":28918109.0,"adj_high":233.8,"adj_low":230.425,"adj_close":233.22,"adj_open":231.285,"adj_volume":29925349.0,"split_factor":1.0,"dividend":0.0,"symbol":"AAPL","exchange":"XNAS","date":"2025-02-06T00:00:00+0000"},{"open":228.49,"high":232.67,"low":228.3,"close":232.47,"volume":38946842.0,"adj_high":232.67,"adj_low":228.27,"adj_close":232.47,"adj_open":228.53,"adj_volume":39664989.0,"split_factor":1.0,"dividend":0.0,"symbol":"AAPL","exchange":"XNAS","date":"2025-02-05T00:00:00+0000"},{"open":227.2,"high":233.13,"low":226.65,"close":232.8,"volume":44489128.0,"adj_high":233.13,"adj_low":226.65,"adj_close":232.8,"adj_open":227.25,"adj_volume":45067301.0,"split_factor":1.0,"dividend":0.0,"symbol":"AAPL","exchange":"XNAS","date":"2025-02-04T00:00:00+0000"},{"open":229.44,"high":231.83,"low":225.71,"close":228.01,"volume":70078180.0,"adj_high":231.83,"adj_low":225.7,"adj_close":228.01,"adj_open":229.99,"adj_volume":73063301.0,"split_factor":1.0,"dividend":0.0,"symbol":"AAPL","exchange":"XNAS","date":"2025-02-03T00:00:00+0000"},{"open":247.19,"high":247.19,"low":233.44,"close":236.0,"volume":100959800.0,"adj_high":247.19,"adj_low":233.44,"adj_close":236.0,"adj_open":247.19,"adj_volume":101075128.0,"split_factor":1.0,"dividend":0.0,"symbol":"AAPL","exchange":"XNAS","date":"2025-01-31T00:00:00+0000"},{"open":238.665,"high":240.79,"low":237.21,"close":237.59,"volume":44801575.0,"adj_high":240.79,"adj_low":237.21,"adj_close":237.59,"adj_open":238.665,"adj_volume":55658279.0,"split_factor":1.0,"dividend":0.0,"symbol":"AAPL","exchange":"XNAS","date":"2025-01-30T00:00:00+0000"},{"open":234.12,"high":239.86,"low":234.01,"close":239.36,"volume":45375500.0,"adj_high":239.855,"adj_low":234.01,"adj_close":239.36,"adj_open":234.12,"adj_volume":45486100.0,"split_factor":1.0,"dividend":0.0,"symbol":"AAPL","exchange":"XNAS","date":"2025-01-29T00:00:00+0000"},{"open":230.85,"high":240.19,"low":230.81,"close":238.26,"volume":75633300.0,"adj_high":240.19,"adj_low":230.81,"adj_close":238.26,"adj_open":230.85,"adj_volume":75707569.0,"split_factor":1.0,"dividend":0.0,"symbol":"AAPL","exchange":"XNAS","date":"2025-01-28T00:00:00+0000"},{"open":224.03,"high":232.15,"low":224.0,"close":229.86,"volume":94132139.0,"adj_high":232.15,"adj_low":223.98,"adj_close":229.86,"adj_open":224.02,"adj_volume":94863418.0,"split_factor":1.0,"dividend":0.0,"symbol":"AAPL","exchange":"XNAS","date":"2025-01-27T00:00:00+0000"},{"open":224.78,"high":225.63,"low":221.41,"close":222.78,"volume":54619500.0,"adj_high":225.63,"adj_low":221.41,"adj_close":222.78,"adj_open":224.78,"adj_volume":54697907.0,"split_factor":1.0,"dividend":0.0,"symbol":"AAPL","exchange":"XNAS","date":"2025-01-24T00:00:00+0000"},{"open":224.73,"high":227.03,"low":222.32,"close":223.66,"volume":58538726.0,"adj_high":227.03,"adj_low":222.3,"adj_close":223.66,"adj_open":224.74,"adj_volume":60234760.0,"split_factor":1.0,"dividend":0.0,"symbol":"AAPL","exchange":"XNAS","date":"2025-01-23T00:00:00+0000"},{"open":219.79,"high":224.12,"low":219.79,"close":223.83,"volume":64028300.0,"adj_high":224.12,"adj_low":219.79,"adj_close":223.83,"adj_open":219.79,"adj_volume":64126500.0,"split_factor":1.0,"dividend":0.0,"symbol":"AAPL","exchange":"XNAS","date":"2025-01-22T00:00:00+0000"},{"open":224.0,"high":224.42,"low":219.38,"close":222.64,"volume":97333260.0,"adj_high":224.42,"adj_low":219.38,"adj_close":222.64,"adj_open":224.0,"adj_volume":98070429.0,"split_factor":1.0,"dividend":0.0,"symbol":"AAPL","exchange":"XNAS","date":"2025-01-21T00:00:00+0000"},{"open":232.115,"high":232.29,"low":228.48,"close":229.98,"volume":68488301.0,"adj_high":232.29,"adj_low":228.48,"adj_close":229.98,"adj_open":232.115,"adj_volume":68488301.0,"split_factor":1.0,"dividend":0.0,"symbol":"AAPL","exchange":"XNAS","date":"2025-01-17T00:00:00+0000"},{"open":237.35,"high":238.01,"low":228.03,"close":228.26,"volume":71604800.0,"adj_high":238.01,"adj_low":228.03,"adj_close":228.26,"adj_open":237.35,"adj_volume":71759052.0,"split_factor":1.0,"dividend":0.0,"symbol":"AAPL","exchange":"XNAS","date":"2025-01-16T00:00:00+0000"},{"open":234.64,"high":238.54,"low":234.43,"close":237.87,"volume":39573652.0,"adj_high":238.96,"adj_low":234.43,"adj_close":237.87,"adj_open":234.635,"adj_volume":39831969.0,"split_factor":1.0,"dividend":0.0,"symbol":"AAPL","exchange":"XNAS","date":"2025-01-15T00:00:00+0000"},{"open":234.75,"high":236.12,"low":232.472,"close":233.28,"volume":38863097.0,"adj_high":236.12,"adj_low":232.472,"adj_close":233.28,"adj_open":234.75,"adj_volume":39435294.0,"split_factor":1.0,"dividend":0.0,"symbol":"AAPL","exchange":"XNAS","date":"2025-01-14T00:00:00+0000"},{"open":233.5,"high":234.67,"low":229.72,"close":234.4,"volume":49056366.0,"adj_high":234.67,"adj_low":229.72,"adj_close":234.4,"adj_open":233.53,"adj_volume":49630725.0,"split_factor":1.0,"dividend":0.0,"symbol":"AAPL","exchange":"XNAS","date":"2025-01-13T00:00:00+0000"},{"open":240.01,"high":240.16,"low":233.0,"close":236.85,"volume":61679400.0,"adj_high":240.16,"adj_low":233.0,"adj_close":236.85,"adj_open":240.01,"adj_volume":61710856.0,"split_factor":1.0,"dividend":0.0,"symbol":"AAPL","exchange":"XNAS","date":"2025-01-10T00:00:00+0000"},{"open":241.92,"high":243.71,"low":240.05,"close":242.7,"volume":37564700.0,"adj_high":243.7123,"adj_low":240.05,"adj_close":242.7,"adj_open":241.92,"adj_volume":37628940.0,"split_factor":1.0,"dividend":0.0,"symbol":"AAPL","exchange":"XNAS","date":"2025-01-08T00:00:00+0000"},{"open":242.98,"high":245.55,"low":241.36,"close":242.21,"volume":40082828.0,"adj_high":245.55,"adj_low":241.35,"adj_close":242.21,"adj_open":242.98,"adj_volume":40855960.0,"split_factor":1.0,"dividend":0.0,"symbol":"AAPL","exchange":"XNAS","date":"2025-01-07T00:00:00+0000"},{"open":244.33,"high":247.33,"low":243.84,"close":245.0,"volume":41695027.0,"adj_high":247.33,"adj_low":243.2,"adj_close":245.0,"adj_open":244.31,"adj_volume":45045571.0,"split_factor":1.0,"dividend":0.0,"symbol":"AAPL","exchange":"XNAS","date":"2025-01-06T00:00:00+0000"},{"open":243.36,"high":244.18,"low":241.89,"close":243.36,"volume":40202700.0,"adj_high":244.18,"adj_low":241.89,"adj_close":243.36,"adj_open":243.36,"adj_volume":40244114.0,"split_factor":1.0,"dividend":0.0,"symbol":"AAPL","exchange":"XNAS","date":"2025-01-03T00:00:00+0000"},{"open":248.93,"high":249.1,"low":241.82,"close":243.85,"volume":55558000.0,"adj_high":249.1,"adj_low":241.8201,"adj_close":243.85,"adj_open":248.93,"adj_volume":55740731.0,"split_factor":1.0,"dividend":0.0,"symbol":"AAPL","exchange":"XNAS","date":"2025-01-02T00:00:00+0000"},{"open":252.44,"high":253.28,"low":249.43,"close":250.42,"volume":39480718.0,"adj_high":253.28,"adj_low":249.43,"adj_close":250.42,"adj_open":252.44,"adj_volume":39480718.0,"split_factor":1.0,"dividend":0.0,"symbol":"AAPL","exchange":"XNAS","date":"2024-12-31T00:00:00+0000"},{"open":252.23,"high":253.5,"low":250.75,"close":252.2,"volume":35500300.0,"adj_high":253.5,"adj_low":250.75,"adj_close":252.2,"adj_open":252.23,"adj_volume":35557542.0,"split_factor":1.0,"dividend":0.0,"symbol":"AAPL","exchange":"XNAS","date":"2024-12-30T00:00:00+0000"},{"open":257.83,"high":258.7,"low":253.06,"close":255.59,"volume":42317100.0,"adj_high":258.7,"adj_low":253.06,"adj_close":255.59,"adj_open":257.83,"adj_volume":42355321.0,"split_factor":1.0,"dividend":0.0,"symbol":"AAPL","exchange":"XNAS","date":"2024-12-27T00:00:00+0000"},{"open":258.355,"high":260.09,"low":257.63,"close":259.02,"volume":27133647.0,"adj_high":260.1,"adj_low":257.63,"adj_close":259.02,"adj_open":258.19,"adj_volume":27262983.0,"split_factor":1.0,"dividend":0.0,"symbol":"AAPL","exchange":"XNAS","date":"2024-12-26T00:00:00+0000"},{"open":255.49,"high":258.21,"low":255.29,"close":258.2,"volume":23234705.0,"adj_high":258.21,"adj_low":255.29,"adj_close":258.2,"adj_open":255.49,"adj_volume":23234705.0,"split_factor":1.0,"dividend":0.0,"symbol":"AAPL","exchange":"XNAS","date":"2024-12-24T00:00:00+0000"},{"open":254.77,"high":255.65,"low":253.45,"close":255.27,"volume":37277559.0,"adj_high":255.65,"adj_low":253.45,"adj_close":255.27,"adj_open":254.77,"adj_volume":40858774.0,"split_factor":1.0,"dividend":0.0,"symbol":"AAPL","exchange":"XNAS","date":"2024-12-23T00:00:00+0000"},{"open":248.04,"high":255.0,"low":245.69,"close":254.49,"volume":146890100.0,"adj_high":255.0,"adj_low":245.69,"adj_close":254.49,"adj_open":248.04,"adj_volume":147495267.0,"split_factor":1.0,"dividend":0.0,"symbol":"AAPL","exchange":"XNAS","date":"2024-12-20T00:00:00+0000"},{"open":247.5,"high":252.0,"low":247.09,"close":249.79,"volume":59903900.0,"adj_high":252.0,"adj_low":247.0949,"adj_close":249.79,"adj_open":247.5,"adj_volume":60882264.0,"split_factor":1.0,"dividend":0.0,"symbol":"AAPL","exchange":"XNAS","date":"2024-12-19T00:00:00+0000"},{"open":252.22,"high":254.28,"low":247.75,"close":248.05,"volume":55988391.0,"adj_high":254.28,"adj_low":247.74,"adj_close":248.05,"adj_open":252.16,"adj_volume":56774101.0,"split_factor":1.0,"dividend":0.0,"symbol":"AAPL","exchange":"XNAS","date":"2024-12-18T00:00:00+0000"},{"open":250.135,"high":253.81,"low":249.79,"close":253.48,"volume":51055731.0,"adj_high":253.83,"adj_low":249.78,"adj_close":253.48,"adj_open":250.08,"adj_volume":51356360.0,"split_factor":1.0,"dividend":0.0,"symbol":"AAPL","exchange":"XNAS","date":"2024-12-17T00:00:00+0000"},{"open":247.99,"high":251.38,"low":247.65,"close":251.04,"volume":51665600.0,"adj_high":251.38,"adj_low":247.65,"adj_close":251.04,"adj_open":247.99,"adj_volume":51694753.0,"split_factor":1.0,"dividend":0.0,"symbol":"AAPL","exchange":"XNAS","date":"2024-12-16T00:00:00+0000"},{"open":247.82,"high":249.29,"low":246.24,"close":248.13,"volume":33132000.0,"adj_high":249.2902,"adj_low":246.24,"adj_close":248.13,"adj_open":247.815,"adj_volume":33155290.0,"split_factor":1.0,"dividend":0.0,"symbol":"AAPL","exchange":"XNAS","date":"2024-12-13T00:00:00+0000"},{"open":246.945,"high":248.74,"low":245.68,"close":247.96,"volume":29983256.0,"adj_high":248.74,"adj_low":245.68,"adj_close":247.96,"adj_open":246.89,"adj_volume":32777532.0,"split_factor":1.0,"dividend":0.0,"symbol":"AAPL","exchange":"XNAS","date":"2024-12-12T00:00:00+0000"},{"open":247.945,"high":250.8,"low":246.2601,"close":246.49,"volume":42854558.0,"adj_high":250.8,"adj_low":246.2601,"adj_close":246.49,"adj_open":247.96,"adj_volume":45205814.0,"split_factor":1.0,"dividend":0.0,"symbol":"AAPL","exchange":"XNAS","date":"2024-12-11T00:00:00+0000"},{"open":246.89,"high":248.21,"low":245.34,"close":247.77,"volume":36873800.0,"adj_high":248.21,"adj_low":245.34,"adj_close":247.77,"adj_open":246.89,"adj_volume":36914806.0,"split_factor":1.0,"dividend":0.0,"symbol":"AAPL","exchange":"XNAS","date":"2024-12-10T00:00:00+0000"},{"open":241.83,"high":247.24,"low":241.76,"close":246.75,"volume":43606216.0,"adj_high":247.24,"adj_low":241.75,"adj_close":246.75,"adj_open":241.83,"adj_volume":44649232.0,"split_factor":1.0,"dividend":0.0,"symbol":"AAPL","exchange":"XNAS","date":"2024-12-09T00:00:00+0000"},{"open":242.91,"high":244.63,"low":242.08,"close":242.84,"volume":36852100.0,"adj_high":244.63,"adj_low":242.08,"adj_close":242.84,"adj_open":242.905,"adj_volume":36870619.0,"split_factor":1.0,"dividend":0.0,"symbol":"AAPL","exchange":"XNAS","date":"2024-12-06T00:00:00+0000"},{"open":243.99,"high":244.54,"low":242.13,"close":243.04,"volume":39961900.0,"adj_high":244.54,"adj_low":242.13,"adj_close":243.04,"adj_open":243.99,"adj_volume":40033878.0,"split_factor":1.0,"dividend":0.0,"symbol":"AAPL","exchange":"XNAS","date":"2024-12-05T00:00:00+0000"},{"open":242.88,"high":244.105,"low":241.25,"close":243.01,"volume":41848779.0,"adj_high":244.11,"adj_low":241.25,"adj_close":243.01,"adj_open":242.87,"adj_volume":44383935.0,"split_factor":1.0,"dividend":0.0,"symbol":"AAPL","exchange":"XNAS","date":"2024-12-04T00:00:00+0000"},{"open":239.92,"high":242.755,"low":238.9003,"close":242.65,"volume":37736685.0,"adj_high":242.76,"adj_low":238.9,"adj_close":242.65,"adj_open":239.81,"adj_volume":38861017.0,"split_factor":1.0,"dividend":0.0,"symbol":"AAPL","exchange":"XNAS","date":"2024-12-03T00:00:00+0000"},{"open":237.27,"high":240.79,"low":237.16,"close":239.59,"volume":42439900.0,"adj_high":240.79,"adj_low":237.16,"adj_close":239.59,"adj_open":237.27,"adj_volume":48137103.0,"split_factor":1.0,"dividend":0.0,"symbol":"AAPL","exchange":"XNAS","date":"2024-12-02T00:00:00+0000"},{"open":234.81,"high":237.81,"low":233.97,"close":237.33,"volume":28481400.0,"adj_high":237.81,"adj_low":233.97,"adj_close":237.33,"adj_open":234.81,"adj_volume":28481377.0,"split_factor":1.0,"dividend":0.0,"symbol":"AAPL","exchange":"XNAS","date":"2024-11-29T00:00:00+0000"},{"open":234.465,"high":235.69,"low":233.8101,"close":234.93,"volume":33498439.0,"adj_high":235.69,"adj_low":233.8101,"adj_close":234.93,"adj_open":234.465,"adj_volume":33498439.0,"split_factor":1.0,"dividend":0.0,"symbol":"AAPL","exchange":"XNAS","date":"2024-11-27T00:00:00+0000"},{"open":233.475,"high":235.57,"low":233.475,"close":235.06,"volume":44991117.0,"adj_high":235.57,"adj_low":233.33,"adj_close":235.06,"adj_open":233.33,"adj_volume":45986189.0,"split_factor":1.0,"dividend":0.0,"symbol":"AAPL","exchange":"XNAS","date":"2024-11-26T00:00:00+0000"},{"open":231.46,"high":233.25,"low":229.74,"close":232.87,"volume":89984500.0,"adj_high":233.245,"adj_low":229.74,"adj_close":232.87,"adj_open":231.46,"adj_volume":90152832.0,"split_factor":1.0,"dividend":0.0,"symbol":"AAPL","exchange":"XNAS","date":"2024-11-25T00:00:00+0000"},{"open":228.06,"high":230.72,"low":228.06,"close":229.87,"volume":38153300.0,"adj_high":230.7199,"adj_low":228.06,"adj_close":229.87,"adj_open":228.06,"adj_volume":38168252.0,"split_factor":1.0,"dividend":0.0,"symbol":"AAPL","exchange":"XNAS","date":"2024-11-22T00:00:00+0000"},{"open":228.88,"high":230.16,"low":225.71,"close":228.52,"volume":42071900.0,"adj_high":230.155,"adj_low":225.7103,"adj_close":228.52,"adj_open":228.88,"adj_volume":42108327.0,"split_factor":1.0,"dividend":0.0,"symbol":"AAPL","exchange":"XNAS","date":"2024-11-21T00:00:00+0000"}]} </msg>
<msg time="2025-04-21T17:01:17.639172" level="INFO">To JSON using : pretty_print=False </msg>
<msg time="2025-04-21T17:01:17.640354" level="INFO">${json} = {'pagination': {'limit': 100, 'offset': 0, 'count': 100, 'total': 100}, 'data': [{'open': 197.2, 'high': 198.8335, 'low': 194.42, 'close': 196.98, 'volume': 52164675.0, 'adj_high': 198.8335, 'adj_low'...</msg>
<var>${json}</var>
<arg>${response.content}</arg>
<doc>*DEPRECATED* Please use ${resp.json()} instead. Have a look at the improved HTML output as pretty printing replacement.</doc>
<status status="PASS" start="2025-04-21T17:01:17.635659" elapsed="0.004753"/>
</kw>
<kw name="Get From Dictionary" owner="Collections">
<msg time="2025-04-21T17:01:17.640984" level="INFO">${pagination} = {'limit': 100, 'offset': 0, 'count': 100, 'total': 100}</msg>
<var>${pagination}</var>
<arg>${json}</arg>
<arg>pagination</arg>
<doc>Returns a value from the given ``dictionary`` based on the given ``key``.</doc>
<status status="PASS" start="2025-04-21T17:01:17.640753" elapsed="0.000262"/>
</kw>
<kw name="Should Be Equal As Numbers" owner="BuiltIn">
<msg time="2025-04-21T17:01:17.641827" level="INFO">Argument types are:
&lt;class 'int'&gt;
&lt;class 'str'&gt;</msg>
<arg>${pagination['limit']}</arg>
<arg>100</arg>
<doc>Fails if objects are unequal after converting them to real numbers.</doc>
<status status="PASS" start="2025-04-21T17:01:17.641237" elapsed="0.000684"/>
</kw>
<kw name="Should Be Equal As Numbers" owner="BuiltIn">
<msg time="2025-04-21T17:01:17.643156" level="INFO">Argument types are:
&lt;class 'int'&gt;
&lt;class 'str'&gt;</msg>
<arg>${pagination['offset']}</arg>
<arg>0</arg>
<doc>Fails if objects are unequal after converting them to real numbers.</doc>
<status status="PASS" start="2025-04-21T17:01:17.642215" elapsed="0.001032"/>
</kw>
<kw name="Should Be Equal As Numbers" owner="BuiltIn">
<msg time="2025-04-21T17:01:17.644070" level="INFO">Argument types are:
&lt;class 'int'&gt;
&lt;class 'str'&gt;</msg>
<arg>${pagination['count']}</arg>
<arg>100</arg>
<doc>Fails if objects are unequal after converting them to real numbers.</doc>
<status status="PASS" start="2025-04-21T17:01:17.643518" elapsed="0.001099"/>
</kw>
<kw name="Should Be Equal As Numbers" owner="BuiltIn">
<msg time="2025-04-21T17:01:17.645843" level="INFO">Argument types are:
&lt;class 'int'&gt;
&lt;class 'str'&gt;</msg>
<arg>${pagination['total']}</arg>
<arg>100</arg>
<doc>Fails if objects are unequal after converting them to real numbers.</doc>
<status status="PASS" start="2025-04-21T17:01:17.645083" elapsed="0.000877"/>
</kw>
<status status="PASS" start="2025-04-21T17:01:16.020603" elapsed="1.625684"/>
</test>
<test id="s1-t2" name="Validate First Entry in Data Array" line="25">
<kw name="GET On Session" owner="RequestsLibrary">
<msg time="2025-04-21T17:01:18.057718" level="INFO">GET Request : url=https://api.marketstack.com/v1/eod?access_key=6de3bc3aed9c278a1bd96132cb52d7e5&amp;symbols=AAPL 
 path_url=/v1/eod?access_key=6de3bc3aed9c278a1bd96132cb52d7e5&amp;symbols=AAPL 
 headers={'User-Agent': 'python-requests/2.32.3', 'Accept-Encoding': 'gzip, deflate', 'Accept': '*/*', 'Connection': 'keep-alive'} 
 body=None 
 </msg>
<msg time="2025-04-21T17:01:18.057836" level="INFO">GET Response : url=https://api.marketstack.com/v1/eod?access_key=6de3bc3aed9c278a1bd96132cb52d7e5&amp;symbols=AAPL 
 status=200, reason=OK 
 headers={'Date': 'Mon, 21 Apr 2025 11:01:16 GMT', 'Content-Type': 'application/json', 'Transfer-Encoding': 'chunked', 'Connection': 'keep-alive', 'X-Ratelimit-Limit-Second': '5', 'X-Ratelimit-Reset-Second': '1745233277', 'X-Ratelimit-Remaining-Second': '4', 'Cache-Control': 'no-cache, private', 'X-Request-Time': '0.043, 0.071', 'X-Apilayer-Transaction-Id': '354b9202-6602-4db9-856e-2d99bcd47212', 'Access-Control-Allow-Origin': '*', 'Access-Control-Allow-Methods': 'GET, POST, HEAD, OPTIONS', 'Access-Control-Allow-Headers': '*', 'X-Quota-Limit': '100', 'X-Quota-Remaining': '76', 'X-Increment-Usage': '1', 'Cf-Cache-Status': 'DYNAMIC', 'Content-Encoding': 'gzip', 'Server': 'cloudflare', 'CF-RAY': '933c61e85c457871-DAC', 'alt-svc': 'h3=":443"; ma=86400'} 
 body={"pagination":{"limit":100,"offset":0,"count":100,"total":100},"data":[{"open":197.2,"high":198.8335,"low":194.42,"close":196.98,"volume":52164675.0,"adj_high":198.8335,"adj_low":194.42,"adj_close":196.98,"adj_open":197.2,"adj_volume":52164675.0,"split_factor":1.0,"dividend":0.0,"symbol":"AAPL","exchange":"XNAS","date":"2025-04-17T00:00:00+0000"},{"open":198.36,"high":200.7,"low":192.37,"close":194.27,"volume":58802034.0,"adj_high":200.7,"adj_low":192.37,"adj_close":194.27,"adj_open":198.36,"adj_volume":59732423.0,"split_factor":1.0,"dividend":0.0,"symbol":"AAPL","exchange":"XNAS","date":"2025-04-16T00:00:00+0000"},{"open":201.855,"high":203.505,"low":199.82,"close":202.14,"volume":50304417.0,"adj_high":203.51,"adj_low":199.8,"adj_close":202.14,"adj_open":201.855,"adj_volume":51343872.0,"split_factor":1.0,"dividend":0.0,"symbol":"AAPL","exchange":"XNAS","date":"2025-04-15T00:00:00+0000"},{"open":211.44,"high":212.94,"low":201.1621,"close":202.52,"volume":100650083.0,"adj_high":212.94,"adj_low":201.1621,"adj_close":202.52,"adj_open":211.44,"adj_volume":101352911.0,"split_factor":1.0,"dividend":0.0,"symbol":"AAPL","exchange":"XNAS","date":"2025-04-14T00:00:00+0000"},{"open":186.1,"high":199.54,"low":186.06,"close":198.15,"volume":87300000.0,"adj_high":199.54,"adj_low":186.06,"adj_close":198.15,"adj_open":186.1,"adj_volume":87435915.0,"split_factor":1.0,"dividend":0.0,"symbol":"AAPL","exchange":"XNAS","date":"2025-04-11T00:00:00+0000"},{"open":189.165,"high":194.7799,"low":183.0,"close":190.42,"volume":117183840.0,"adj_high":194.7799,"adj_low":183.0,"adj_close":190.42,"adj_open":189.065,"adj_volume":121879981.0,"split_factor":1.0,"dividend":0.0,"symbol":"AAPL","exchange":"XNAS","date":"2025-04-10T00:00:00+0000"},{"open":172.179,"high":200.61,"low":171.89,"close":198.85,"volume":182793290.0,"adj_high":200.61,"adj_low":171.89,"adj_close":198.85,"adj_open":171.95,"adj_volume":184395885.0,"split_factor":1.0,"dividend":0.0,"symbol":"AAPL","exchange":"XNAS","date":"2025-04-09T00:00:00+0000"},{"open":186.73,"high":190.335,"low":169.2101,"close":172.42,"volume":119908881.0,"adj_high":190.335,"adj_low":169.2101,"adj_close":172.42,"adj_open":186.7,"adj_volume":120859491.0,"split_factor":1.0,"dividend":0.0,"symbol":"AAPL","exchange":"XNAS","date":"2025-04-08T00:00:00+0000"},{"open":177.24,"high":194.14,"low":174.62,"close":181.46,"volume":157350538.0,"adj_high":194.15,"adj_low":174.62,"adj_close":181.46,"adj_open":177.2,"adj_volume":160466286.0,"split_factor":1.0,"dividend":0.0,"symbol":"AAPL","exchange":"XNAS","date":"2025-04-07T00:00:00+0000"},{"open":193.89,"high":199.88,"low":187.34,"close":188.38,"volume":125569000.0,"adj_high":199.88,"adj_low":187.34,"adj_close":188.38,"adj_open":193.89,"adj_volume":125910913.0,"split_factor":1.0,"dividend":0.0,"symbol":"AAPL","exchange":"XNAS","date":"2025-04-04T00:00:00+0000"},{"open":205.52,"high":207.4899,"low":201.25,"close":203.19,"volume":102947073.0,"adj_high":207.49,"adj_low":201.25,"adj_close":203.19,"adj_open":205.54,"adj_volume":103419006.0,"split_factor":1.0,"dividend":0.0,"symbol":"AAPL","exchange":"XNAS","date":"2025-04-03T00:00:00+0000"},{"open":221.19,"high":225.19,"low":221.05,"close":223.89,"volume":31731885.0,"adj_high":225.19,"adj_low":221.02,"adj_close":223.89,"adj_open":221.315,"adj_volume":35905904.0,"split_factor":1.0,"dividend":0.0,"symbol":"AAPL","exchange":"XNAS","date":"2025-04-02T00:00:00+0000"},{"open":219.805,"high":223.49,"low":218.9,"close":223.19,"volume":36361327.0,"adj_high":223.68,"adj_low":218.9,"adj_close":223.19,"adj_open":219.805,"adj_volume":36412740.0,"split_factor":1.0,"dividend":0.0,"symbol":"AAPL","exchange":"XNAS","date":"2025-04-01T00:00:00+0000"},{"open":217.22,"high":224.97,"low":216.24,"close":222.13,"volume":65078252.0,"adj_high":225.62,"adj_low":216.23,"adj_close":222.13,"adj_open":217.005,"adj_volume":65299321.0,"split_factor":1.0,"dividend":0.0,"symbol":"AAPL","exchange":"XNAS","date":"2025-03-31T00:00:00+0000"},{"open":221.67,"high":223.81,"low":217.68,"close":217.9,"volume":39784100.0,"adj_high":223.81,"adj_low":217.68,"adj_close":217.9,"adj_open":221.67,"adj_volume":39818617.0,"split_factor":1.0,"dividend":0.0,"symbol":"AAPL","exchange":"XNAS","date":"2025-03-28T00:00:00+0000"},{"open":221.33,"high":224.99,"low":220.5601,"close":223.85,"volume":36700954.0,"adj_high":224.99,"adj_low":220.5601,"adj_close":223.85,"adj_open":221.39,"adj_volume":37094774.0,"split_factor":1.0,"dividend":0.0,"symbol":"AAPL","exchange":"XNAS","date":"2025-03-27T00:00:00+0000"},{"open":223.51,"high":225.02,"low":220.47,"close":221.53,"volume":34436815.0,"adj_high":225.02,"adj_low":220.47,"adj_close":221.53,"adj_open":223.51,"adj_volume":34532656.0,"split_factor":1.0,"dividend":0.0,"symbol":"AAPL","exchange":"XNAS","date":"2025-03-26T00:00:00+0000"},{"open":220.81,"high":224.1,"low":220.08,"close":223.75,"volume":34299912.0,"adj_high":224.1,"adj_low":220.08,"adj_close":223.75,"adj_open":220.77,"adj_volume":34493583.0,"split_factor":1.0,"dividend":0.0,"symbol":"AAPL","exchange":"XNAS","date":"2025-03-25T00:00:00+0000"},{"open":221.0,"high":221.021,"low":218.58,"close":220.73,"volume":42364298.0,"adj_high":221.48,"adj_low":218.58,"adj_close":220.73,"adj_open":221.0,"adj_volume":44299483.0,"split_factor":1.0,"dividend":0.0,"symbol":"AAPL","exchange":"XNAS","date":"2025-03-24T00:00:00+0000"},{"open":211.56,"high":218.84,"low":211.28,"close":218.27,"volume":93954500.0,"adj_high":218.84,"adj_low":211.28,"adj_close":218.27,"adj_open":211.56,"adj_volume":94127768.0,"split_factor":1.0,"dividend":0.0,"symbol":"AAPL","exchange":"XNAS","date":"2025-03-21T00:00:00+0000"},{"open":213.99,"high":217.4899,"low":212.22,"close":214.1,"volume":48775040.0,"adj_high":217.4899,"adj_low":212.22,"adj_close":214.1,"adj_open":213.99,"adj_volume":48862947.0,"split_factor":1.0,"dividend":0.0,"symbol":"AAPL","exchange":"XNAS","date":"2025-03-20T00:00:00+0000"},{"open":214.22,"high":218.76,"low":213.75,"close":215.24,"volume":54237276.0,"adj_high":218.76,"adj_low":213.75,"adj_close":215.24,"adj_open":214.22,"adj_volume":54385391.0,"split_factor":1.0,"dividend":0.0,"symbol":"AAPL","exchange":"XNAS","date":"2025-03-19T00:00:00+0000"},{"open":214.14,"high":215.15,"low":211.49,"close":212.69,"volume":41207689.0,"adj_high":215.15,"adj_low":211.49,"adj_close":212.69,"adj_open":214.16,"adj_volume":42432426.0,"split_factor":1.0,"dividend":0.0,"symbol":"AAPL","exchange":"XNAS","date":"2025-03-18T00:00:00+0000"},{"open":213.36,"high":215.22,"low":209.98,"close":214.0,"volume":47841607.0,"adj_high":215.22,"adj_low":209.97,"adj_close":214.0,"adj_open":213.31,"adj_volume":48073426.0,"split_factor":1.0,"dividend":0.0,"symbol":"AAPL","exchange":"XNAS","date":"2025-03-17T00:00:00+0000"},{"open":211.25,"high":213.95,"low":209.58,"close":213.49,"volume":60060200.0,"adj_high":213.95,"adj_low":209.58,"adj_close":213.49,"adj_open":211.25,"adj_volume":60107582.0,"split_factor":1.0,"dividend":0.0,"symbol":"AAPL","exchange":"XNAS","date":"2025-03-14T00:00:00+0000"},{"open":215.94,"high":216.8394,"low":208.42,"close":209.68,"volume":60306872.0,"adj_high":216.8394,"adj_low":208.42,"adj_close":209.68,"adj_open":215.95,"adj_volume":61368330.0,"split_factor":1.0,"dividend":0.0,"symbol":"AAPL","exchange":"XNAS","date":"2025-03-13T00:00:00+0000"},{"open":220.14,"high":221.75,"low":214.91,"close":216.98,"volume":62466400.0,"adj_high":221.75,"adj_low":214.91,"adj_close":216.98,"adj_open":220.14,"adj_volume":62547467.0,"split_factor":1.0,"dividend":0.0,"symbol":"AAPL","exchange":"XNAS","date":"2025-03-12T00:00:00+0000"},{"open":223.8,"high":225.8399,"low":217.45,"close":220.84,"volume":73947348.0,"adj_high":225.8399,"adj_low":217.45,"adj_close":220.84,"adj_open":223.805,"adj_volume":76137410.0,"split_factor":1.0,"dividend":0.0,"symbol":"AAPL","exchange":"XNAS","date":"2025-03-11T00:00:00+0000"},{"open":235.48,"high":236.16,"low":224.22,"close":227.48,"volume":71374783.0,"adj_high":236.16,"adj_low":224.22,"adj_close":227.48,"adj_open":235.54,"adj_volume":71451281.0,"split_factor":1.0,"dividend":0.0,"symbol":"AAPL","exchange":"XNAS","date":"2025-03-10T00:00:00+0000"},{"open":235.11,"high":241.37,"low":234.76,"close":239.07,"volume":46245700.0,"adj_high":241.37,"adj_low":234.76,"adj_close":239.07,"adj_open":235.105,"adj_volume":46273565.0,"split_factor":1.0,"dividend":0.0,"symbol":"AAPL","exchange":"XNAS","date":"2025-03-07T00:00:00+0000"},{"open":234.435,"high":237.86,"low":233.1581,"close":235.33,"volume":44375329.0,"adj_high":237.86,"adj_low":233.1581,"adj_close":235.33,"adj_open":234.435,"adj_volume":45170419.0,"split_factor":1.0,"dividend":0.0,"symbol":"AAPL","exchange":"XNAS","date":"2025-03-06T00:00:00+0000"},{"open":235.42,"high":236.55,"low":229.23,"close":235.74,"volume":47200800.0,"adj_high":236.55,"adj_low":229.23,"adj_close":235.74,"adj_open":235.42,"adj_volume":47227643.0,"split_factor":1.0,"dividend":0.0,"symbol":"AAPL","exchange":"XNAS","date":"2025-03-05T00:00:00+0000"},{"open":237.705,"high":240.07,"low":234.7,"close":235.93,"volume":53101971.0,"adj_high":240.07,"adj_low":234.68,"adj_close":235.93,"adj_open":237.705,"adj_volume":53798062.0,"split_factor":1.0,"dividend":0.0,"symbol":"AAPL","exchange":"XNAS","date":"2025-03-04T00:00:00+0000"},{"open":241.722,"high":244.0272,"low":236.112,"close":238.03,"volume":46788610.0,"adj_high":244.0272,"adj_low":236.112,"adj_close":238.03,"adj_open":241.79,"adj_volume":47183985.0,"split_factor":1.0,"dividend":0.0,"symbol":"AAPL","exchange":"XNAS","date":"2025-03-03T00:00:00+0000"},{"open":236.95,"high":242.09,"low":230.2,"close":241.84,"volume":56796200.0,"adj_high":242.09,"adj_low":230.2,"adj_close":241.84,"adj_open":236.95,"adj_volume":56833360.0,"split_factor":1.0,"dividend":0.0,"symbol":"AAPL","exchange":"XNAS","date":"2025-02-28T00:00:00+0000"},{"open":239.41,"high":242.46,"low":237.1,"close":237.3,"volume":40535155.0,"adj_high":242.46,"adj_low":237.06,"adj_close":237.3,"adj_open":239.41,"adj_volume":41153639.0,"split_factor":1.0,"dividend":0.0,"symbol":"AAPL... (set the log level to DEBUG or TRACE to see the full content) 
 </msg>
<msg time="2025-04-21T17:01:18.058034" level="INFO">C:\Users\USER\AppData\Local\Programs\Python\Python313\Lib\site-packages\urllib3\connectionpool.py:1097: InsecureRequestWarning: Unverified HTTPS request is being made to host 'api.marketstack.com'. Adding certificate verification is strongly advised. See: https://urllib3.readthedocs.io/en/latest/advanced-usage.html#tls-warnings
  warnings.warn(</msg>
<msg time="2025-04-21T17:01:18.058550" level="INFO">${response} = &lt;Response [200]&gt;</msg>
<var>${response}</var>
<arg>marketstack</arg>
<arg>${ENDPOINT}</arg>
<doc>Sends a GET request on a previously created HTTP Session.</doc>
<status status="PASS" start="2025-04-21T17:01:17.648099" elapsed="0.410586"/>
</kw>
<kw name="Evaluate" owner="BuiltIn">
<msg time="2025-04-21T17:01:18.061026" level="INFO">${json} = {'pagination': {'limit': 100, 'offset': 0, 'count': 100, 'total': 100}, 'data': [{'open': 197.2, 'high': 198.8335, 'low': 194.42, 'close': 196.98, 'volume': 52164675.0, 'adj_high': 198.8335, 'adj_low'...</msg>
<var>${json}</var>
<arg>json.loads('''${response.text}''')</arg>
<arg>json</arg>
<doc>Evaluates the given expression in Python and returns the result.</doc>
<status status="PASS" start="2025-04-21T17:01:18.059031" elapsed="0.002037"/>
</kw>
<kw name="Get From Dictionary" owner="Collections">
<msg time="2025-04-21T17:01:18.062155" level="INFO">${data} = [{'open': 197.2, 'high': 198.8335, 'low': 194.42, 'close': 196.98, 'volume': 52164675.0, 'adj_high': 198.8335, 'adj_low': 194.42, 'adj_close': 196.98, 'adj_open': 197.2, 'adj_volume': 52164675.0, 'spl...</msg>
<var>${data}</var>
<arg>${json}</arg>
<arg>data</arg>
<doc>Returns a value from the given ``dictionary`` based on the given ``key``.</doc>
<status status="PASS" start="2025-04-21T17:01:18.061383" elapsed="0.000805"/>
</kw>
<kw name="Get From List" owner="Collections">
<msg time="2025-04-21T17:01:18.062647" level="INFO">${first} = {'open': 197.2, 'high': 198.8335, 'low': 194.42, 'close': 196.98, 'volume': 52164675.0, 'adj_high': 198.8335, 'adj_low': 194.42, 'adj_close': 196.98, 'adj_open': 197.2, 'adj_volume': 52164675.0, 'spli...</msg>
<var>${first}</var>
<arg>${data}</arg>
<arg>0</arg>
<doc>Returns the value specified with an ``index`` from ``list``.</doc>
<status status="PASS" start="2025-04-21T17:01:18.062462" elapsed="0.000216"/>
</kw>
<kw name="Should Be Equal" owner="BuiltIn">
<arg>${first['symbol']}</arg>
<arg>AAPL</arg>
<doc>Fails if the given objects are unequal.</doc>
<status status="PASS" start="2025-04-21T17:01:18.062932" elapsed="0.000612"/>
</kw>
<kw name="Should Be Equal" owner="BuiltIn">
<arg>${first['exchange']}</arg>
<arg>XNAS</arg>
<doc>Fails if the given objects are unequal.</doc>
<status status="PASS" start="2025-04-21T17:01:18.063834" elapsed="0.000451"/>
</kw>
<kw name="Should Be Equal" owner="BuiltIn">
<arg>${first['date']}</arg>
<arg>2025-04-17T00:00:00+0000</arg>
<doc>Fails if the given objects are unequal.</doc>
<status status="PASS" start="2025-04-21T17:01:18.064548" elapsed="0.000460"/>
</kw>
<kw name="Should Be Equal As Numbers" owner="BuiltIn">
<msg time="2025-04-21T17:01:18.065710" level="INFO">Argument types are:
&lt;class 'float'&gt;
&lt;class 'str'&gt;</msg>
<arg>${first['open']}</arg>
<arg>197.2</arg>
<doc>Fails if objects are unequal after converting them to real numbers.</doc>
<status status="PASS" start="2025-04-21T17:01:18.065269" elapsed="0.000509"/>
</kw>
<kw name="Should Be Equal As Numbers" owner="BuiltIn">
<msg time="2025-04-21T17:01:18.066469" level="INFO">Argument types are:
&lt;class 'float'&gt;
&lt;class 'str'&gt;</msg>
<arg>${first['high']}</arg>
<arg>198.8335</arg>
<doc>Fails if objects are unequal after converting them to real numbers.</doc>
<status status="PASS" start="2025-04-21T17:01:18.066040" elapsed="0.000492"/>
</kw>
<kw name="Should Be Equal As Numbers" owner="BuiltIn">
<msg time="2025-04-21T17:01:18.067467" level="INFO">Argument types are:
&lt;class 'float'&gt;
&lt;class 'str'&gt;</msg>
<arg>${first['low']}</arg>
<arg>194.42</arg>
<doc>Fails if objects are unequal after converting them to real numbers.</doc>
<status status="PASS" start="2025-04-21T17:01:18.067033" elapsed="0.000499"/>
</kw>
<kw name="Should Be Equal As Numbers" owner="BuiltIn">
<msg time="2025-04-21T17:01:18.068214" level="INFO">Argument types are:
&lt;class 'float'&gt;
&lt;class 'str'&gt;</msg>
<arg>${first['close']}</arg>
<arg>196.98</arg>
<doc>Fails if objects are unequal after converting them to real numbers.</doc>
<status status="PASS" start="2025-04-21T17:01:18.067795" elapsed="0.000486"/>
</kw>
<kw name="Should Be Equal As Numbers" owner="BuiltIn">
<msg time="2025-04-21T17:01:18.068943" level="INFO">Argument types are:
&lt;class 'float'&gt;
&lt;class 'str'&gt;</msg>
<arg>${first['volume']}</arg>
<arg>52164675.0</arg>
<doc>Fails if objects are unequal after converting them to real numbers.</doc>
<status status="PASS" start="2025-04-21T17:01:18.068530" elapsed="0.000480"/>
</kw>
<kw name="Should Be Equal As Numbers" owner="BuiltIn">
<msg time="2025-04-21T17:01:18.069710" level="INFO">Argument types are:
&lt;class 'float'&gt;
&lt;class 'str'&gt;</msg>
<arg>${first['adj_open']}</arg>
<arg>197.2</arg>
<doc>Fails if objects are unequal after converting them to real numbers.</doc>
<status status="PASS" start="2025-04-21T17:01:18.069257" elapsed="0.000516"/>
</kw>
<kw name="Should Be Equal As Numbers" owner="BuiltIn">
<msg time="2025-04-21T17:01:18.070462" level="INFO">Argument types are:
&lt;class 'float'&gt;
&lt;class 'str'&gt;</msg>
<arg>${first['adj_high']}</arg>
<arg>198.8335</arg>
<doc>Fails if objects are unequal after converting them to real numbers.</doc>
<status status="PASS" start="2025-04-21T17:01:18.070030" elapsed="0.000497"/>
</kw>
<kw name="Should Be Equal As Numbers" owner="BuiltIn">
<msg time="2025-04-21T17:01:18.071208" level="INFO">Argument types are:
&lt;class 'float'&gt;
&lt;class 'str'&gt;</msg>
<arg>${first['adj_low']}</arg>
<arg>194.42</arg>
<doc>Fails if objects are unequal after converting them to real numbers.</doc>
<status status="PASS" start="2025-04-21T17:01:18.070788" elapsed="0.000485"/>
</kw>
<kw name="Should Be Equal As Numbers" owner="BuiltIn">
<msg time="2025-04-21T17:01:18.071948" level="INFO">Argument types are:
&lt;class 'float'&gt;
&lt;class 'str'&gt;</msg>
<arg>${first['adj_close']}</arg>
<arg>196.98</arg>
<doc>Fails if objects are unequal after converting them to real numbers.</doc>
<status status="PASS" start="2025-04-21T17:01:18.071529" elapsed="0.000483"/>
</kw>
<kw name="Should Be Equal As Numbers" owner="BuiltIn">
<msg time="2025-04-21T17:01:18.072704" level="INFO">Argument types are:
&lt;class 'float'&gt;
&lt;class 'str'&gt;</msg>
<arg>${first['adj_volume']}</arg>
<arg>52164675.0</arg>
<doc>Fails if objects are unequal after converting them to real numbers.</doc>
<status status="PASS" start="2025-04-21T17:01:18.072286" elapsed="0.000482"/>
</kw>
<kw name="Should Be Equal As Numbers" owner="BuiltIn">
<msg time="2025-04-21T17:01:18.073698" level="INFO">Argument types are:
&lt;class 'float'&gt;
&lt;class 'str'&gt;</msg>
<arg>${first['split_factor']}</arg>
<arg>1.0</arg>
<doc>Fails if objects are unequal after converting them to real numbers.</doc>
<status status="PASS" start="2025-04-21T17:01:18.073290" elapsed="0.000470"/>
</kw>
<kw name="Should Be Equal As Numbers" owner="BuiltIn">
<msg time="2025-04-21T17:01:18.074448" level="INFO">Argument types are:
&lt;class 'float'&gt;
&lt;class 'str'&gt;</msg>
<arg>${first['dividend']}</arg>
<arg>0.0</arg>
<doc>Fails if objects are unequal after converting them to real numbers.</doc>
<status status="PASS" start="2025-04-21T17:01:18.074028" elapsed="0.000489"/>
</kw>
<status status="PASS" start="2025-04-21T17:01:17.646908" elapsed="0.427901"/>
</test>
<test id="s1-t3" name="Validate Numeric Fields Are Numbers" line="50">
<kw name="GET On Session" owner="RequestsLibrary">
<msg time="2025-04-21T17:01:18.503633" level="INFO">GET Request : url=https://api.marketstack.com/v1/eod?access_key=6de3bc3aed9c278a1bd96132cb52d7e5&amp;symbols=AAPL 
 path_url=/v1/eod?access_key=6de3bc3aed9c278a1bd96132cb52d7e5&amp;symbols=AAPL 
 headers={'User-Agent': 'python-requests/2.32.3', 'Accept-Encoding': 'gzip, deflate', 'Accept': '*/*', 'Connection': 'keep-alive'} 
 body=None 
 </msg>
<msg time="2025-04-21T17:01:18.503803" level="INFO">GET Response : url=https://api.marketstack.com/v1/eod?access_key=6de3bc3aed9c278a1bd96132cb52d7e5&amp;symbols=AAPL 
 status=200, reason=OK 
 headers={'Date': 'Mon, 21 Apr 2025 11:01:17 GMT', 'Content-Type': 'application/json', 'Transfer-Encoding': 'chunked', 'Connection': 'keep-alive', 'X-Ratelimit-Limit-Second': '5', 'X-Ratelimit-Reset-Second': '1745233277', 'X-Ratelimit-Remaining-Second': '4', 'Cache-Control': 'no-cache, private', 'X-Request-Time': '0.058, 0.092', 'X-Apilayer-Transaction-Id': '47c9c117-496d-498d-a8e4-72cbc2685460', 'Access-Control-Allow-Origin': '*', 'Access-Control-Allow-Methods': 'GET, POST, HEAD, OPTIONS', 'Access-Control-Allow-Headers': '*', 'X-Quota-Limit': '100', 'X-Quota-Remaining': '75', 'X-Increment-Usage': '1', 'Cf-Cache-Status': 'DYNAMIC', 'Content-Encoding': 'gzip', 'Server': 'cloudflare', 'CF-RAY': '933c61eb0e217871-DAC', 'alt-svc': 'h3=":443"; ma=86400'} 
 body={"pagination":{"limit":100,"offset":0,"count":100,"total":100},"data":[{"open":197.2,"high":198.8335,"low":194.42,"close":196.98,"volume":52164675.0,"adj_high":198.8335,"adj_low":194.42,"adj_close":196.98,"adj_open":197.2,"adj_volume":52164675.0,"split_factor":1.0,"dividend":0.0,"symbol":"AAPL","exchange":"XNAS","date":"2025-04-17T00:00:00+0000"},{"open":198.36,"high":200.7,"low":192.37,"close":194.27,"volume":58802034.0,"adj_high":200.7,"adj_low":192.37,"adj_close":194.27,"adj_open":198.36,"adj_volume":59732423.0,"split_factor":1.0,"dividend":0.0,"symbol":"AAPL","exchange":"XNAS","date":"2025-04-16T00:00:00+0000"},{"open":201.855,"high":203.505,"low":199.82,"close":202.14,"volume":50304417.0,"adj_high":203.51,"adj_low":199.8,"adj_close":202.14,"adj_open":201.855,"adj_volume":51343872.0,"split_factor":1.0,"dividend":0.0,"symbol":"AAPL","exchange":"XNAS","date":"2025-04-15T00:00:00+0000"},{"open":211.44,"high":212.94,"low":201.1621,"close":202.52,"volume":100650083.0,"adj_high":212.94,"adj_low":201.1621,"adj_close":202.52,"adj_open":211.44,"adj_volume":101352911.0,"split_factor":1.0,"dividend":0.0,"symbol":"AAPL","exchange":"XNAS","date":"2025-04-14T00:00:00+0000"},{"open":186.1,"high":199.54,"low":186.06,"close":198.15,"volume":87300000.0,"adj_high":199.54,"adj_low":186.06,"adj_close":198.15,"adj_open":186.1,"adj_volume":87435915.0,"split_factor":1.0,"dividend":0.0,"symbol":"AAPL","exchange":"XNAS","date":"2025-04-11T00:00:00+0000"},{"open":189.165,"high":194.7799,"low":183.0,"close":190.42,"volume":117183840.0,"adj_high":194.7799,"adj_low":183.0,"adj_close":190.42,"adj_open":189.065,"adj_volume":121879981.0,"split_factor":1.0,"dividend":0.0,"symbol":"AAPL","exchange":"XNAS","date":"2025-04-10T00:00:00+0000"},{"open":172.179,"high":200.61,"low":171.89,"close":198.85,"volume":182793290.0,"adj_high":200.61,"adj_low":171.89,"adj_close":198.85,"adj_open":171.95,"adj_volume":184395885.0,"split_factor":1.0,"dividend":0.0,"symbol":"AAPL","exchange":"XNAS","date":"2025-04-09T00:00:00+0000"},{"open":186.73,"high":190.335,"low":169.2101,"close":172.42,"volume":119908881.0,"adj_high":190.335,"adj_low":169.2101,"adj_close":172.42,"adj_open":186.7,"adj_volume":120859491.0,"split_factor":1.0,"dividend":0.0,"symbol":"AAPL","exchange":"XNAS","date":"2025-04-08T00:00:00+0000"},{"open":177.24,"high":194.14,"low":174.62,"close":181.46,"volume":157350538.0,"adj_high":194.15,"adj_low":174.62,"adj_close":181.46,"adj_open":177.2,"adj_volume":160466286.0,"split_factor":1.0,"dividend":0.0,"symbol":"AAPL","exchange":"XNAS","date":"2025-04-07T00:00:00+0000"},{"open":193.89,"high":199.88,"low":187.34,"close":188.38,"volume":125569000.0,"adj_high":199.88,"adj_low":187.34,"adj_close":188.38,"adj_open":193.89,"adj_volume":125910913.0,"split_factor":1.0,"dividend":0.0,"symbol":"AAPL","exchange":"XNAS","date":"2025-04-04T00:00:00+0000"},{"open":205.52,"high":207.4899,"low":201.25,"close":203.19,"volume":102947073.0,"adj_high":207.49,"adj_low":201.25,"adj_close":203.19,"adj_open":205.54,"adj_volume":103419006.0,"split_factor":1.0,"dividend":0.0,"symbol":"AAPL","exchange":"XNAS","date":"2025-04-03T00:00:00+0000"},{"open":221.19,"high":225.19,"low":221.05,"close":223.89,"volume":31731885.0,"adj_high":225.19,"adj_low":221.02,"adj_close":223.89,"adj_open":221.315,"adj_volume":35905904.0,"split_factor":1.0,"dividend":0.0,"symbol":"AAPL","exchange":"XNAS","date":"2025-04-02T00:00:00+0000"},{"open":219.805,"high":223.49,"low":218.9,"close":223.19,"volume":36361327.0,"adj_high":223.68,"adj_low":218.9,"adj_close":223.19,"adj_open":219.805,"adj_volume":36412740.0,"split_factor":1.0,"dividend":0.0,"symbol":"AAPL","exchange":"XNAS","date":"2025-04-01T00:00:00+0000"},{"open":217.22,"high":224.97,"low":216.24,"close":222.13,"volume":65078252.0,"adj_high":225.62,"adj_low":216.23,"adj_close":222.13,"adj_open":217.005,"adj_volume":65299321.0,"split_factor":1.0,"dividend":0.0,"symbol":"AAPL","exchange":"XNAS","date":"2025-03-31T00:00:00+0000"},{"open":221.67,"high":223.81,"low":217.68,"close":217.9,"volume":39784100.0,"adj_high":223.81,"adj_low":217.68,"adj_close":217.9,"adj_open":221.67,"adj_volume":39818617.0,"split_factor":1.0,"dividend":0.0,"symbol":"AAPL","exchange":"XNAS","date":"2025-03-28T00:00:00+0000"},{"open":221.33,"high":224.99,"low":220.5601,"close":223.85,"volume":36700954.0,"adj_high":224.99,"adj_low":220.5601,"adj_close":223.85,"adj_open":221.39,"adj_volume":37094774.0,"split_factor":1.0,"dividend":0.0,"symbol":"AAPL","exchange":"XNAS","date":"2025-03-27T00:00:00+0000"},{"open":223.51,"high":225.02,"low":220.47,"close":221.53,"volume":34436815.0,"adj_high":225.02,"adj_low":220.47,"adj_close":221.53,"adj_open":223.51,"adj_volume":34532656.0,"split_factor":1.0,"dividend":0.0,"symbol":"AAPL","exchange":"XNAS","date":"2025-03-26T00:00:00+0000"},{"open":220.81,"high":224.1,"low":220.08,"close":223.75,"volume":34299912.0,"adj_high":224.1,"adj_low":220.08,"adj_close":223.75,"adj_open":220.77,"adj_volume":34493583.0,"split_factor":1.0,"dividend":0.0,"symbol":"AAPL","exchange":"XNAS","date":"2025-03-25T00:00:00+0000"},{"open":221.0,"high":221.021,"low":218.58,"close":220.73,"volume":42364298.0,"adj_high":221.48,"adj_low":218.58,"adj_close":220.73,"adj_open":221.0,"adj_volume":44299483.0,"split_factor":1.0,"dividend":0.0,"symbol":"AAPL","exchange":"XNAS","date":"2025-03-24T00:00:00+0000"},{"open":211.56,"high":218.84,"low":211.28,"close":218.27,"volume":93954500.0,"adj_high":218.84,"adj_low":211.28,"adj_close":218.27,"adj_open":211.56,"adj_volume":94127768.0,"split_factor":1.0,"dividend":0.0,"symbol":"AAPL","exchange":"XNAS","date":"2025-03-21T00:00:00+0000"},{"open":213.99,"high":217.4899,"low":212.22,"close":214.1,"volume":48775040.0,"adj_high":217.4899,"adj_low":212.22,"adj_close":214.1,"adj_open":213.99,"adj_volume":48862947.0,"split_factor":1.0,"dividend":0.0,"symbol":"AAPL","exchange":"XNAS","date":"2025-03-20T00:00:00+0000"},{"open":214.22,"high":218.76,"low":213.75,"close":215.24,"volume":54237276.0,"adj_high":218.76,"adj_low":213.75,"adj_close":215.24,"adj_open":214.22,"adj_volume":54385391.0,"split_factor":1.0,"dividend":0.0,"symbol":"AAPL","exchange":"XNAS","date":"2025-03-19T00:00:00+0000"},{"open":214.14,"high":215.15,"low":211.49,"close":212.69,"volume":41207689.0,"adj_high":215.15,"adj_low":211.49,"adj_close":212.69,"adj_open":214.16,"adj_volume":42432426.0,"split_factor":1.0,"dividend":0.0,"symbol":"AAPL","exchange":"XNAS","date":"2025-03-18T00:00:00+0000"},{"open":213.36,"high":215.22,"low":209.98,"close":214.0,"volume":47841607.0,"adj_high":215.22,"adj_low":209.97,"adj_close":214.0,"adj_open":213.31,"adj_volume":48073426.0,"split_factor":1.0,"dividend":0.0,"symbol":"AAPL","exchange":"XNAS","date":"2025-03-17T00:00:00+0000"},{"open":211.25,"high":213.95,"low":209.58,"close":213.49,"volume":60060200.0,"adj_high":213.95,"adj_low":209.58,"adj_close":213.49,"adj_open":211.25,"adj_volume":60107582.0,"split_factor":1.0,"dividend":0.0,"symbol":"AAPL","exchange":"XNAS","date":"2025-03-14T00:00:00+0000"},{"open":215.94,"high":216.8394,"low":208.42,"close":209.68,"volume":60306872.0,"adj_high":216.8394,"adj_low":208.42,"adj_close":209.68,"adj_open":215.95,"adj_volume":61368330.0,"split_factor":1.0,"dividend":0.0,"symbol":"AAPL","exchange":"XNAS","date":"2025-03-13T00:00:00+0000"},{"open":220.14,"high":221.75,"low":214.91,"close":216.98,"volume":62466400.0,"adj_high":221.75,"adj_low":214.91,"adj_close":216.98,"adj_open":220.14,"adj_volume":62547467.0,"split_factor":1.0,"dividend":0.0,"symbol":"AAPL","exchange":"XNAS","date":"2025-03-12T00:00:00+0000"},{"open":223.8,"high":225.8399,"low":217.45,"close":220.84,"volume":73947348.0,"adj_high":225.8399,"adj_low":217.45,"adj_close":220.84,"adj_open":223.805,"adj_volume":76137410.0,"split_factor":1.0,"dividend":0.0,"symbol":"AAPL","exchange":"XNAS","date":"2025-03-11T00:00:00+0000"},{"open":235.48,"high":236.16,"low":224.22,"close":227.48,"volume":71374783.0,"adj_high":236.16,"adj_low":224.22,"adj_close":227.48,"adj_open":235.54,"adj_volume":71451281.0,"split_factor":1.0,"dividend":0.0,"symbol":"AAPL","exchange":"XNAS","date":"2025-03-10T00:00:00+0000"},{"open":235.11,"high":241.37,"low":234.76,"close":239.07,"volume":46245700.0,"adj_high":241.37,"adj_low":234.76,"adj_close":239.07,"adj_open":235.105,"adj_volume":46273565.0,"split_factor":1.0,"dividend":0.0,"symbol":"AAPL","exchange":"XNAS","date":"2025-03-07T00:00:00+0000"},{"open":234.435,"high":237.86,"low":233.1581,"close":235.33,"volume":44375329.0,"adj_high":237.86,"adj_low":233.1581,"adj_close":235.33,"adj_open":234.435,"adj_volume":45170419.0,"split_factor":1.0,"dividend":0.0,"symbol":"AAPL","exchange":"XNAS","date":"2025-03-06T00:00:00+0000"},{"open":235.42,"high":236.55,"low":229.23,"close":235.74,"volume":47200800.0,"adj_high":236.55,"adj_low":229.23,"adj_close":235.74,"adj_open":235.42,"adj_volume":47227643.0,"split_factor":1.0,"dividend":0.0,"symbol":"AAPL","exchange":"XNAS","date":"2025-03-05T00:00:00+0000"},{"open":237.705,"high":240.07,"low":234.7,"close":235.93,"volume":53101971.0,"adj_high":240.07,"adj_low":234.68,"adj_close":235.93,"adj_open":237.705,"adj_volume":53798062.0,"split_factor":1.0,"dividend":0.0,"symbol":"AAPL","exchange":"XNAS","date":"2025-03-04T00:00:00+0000"},{"open":241.722,"high":244.0272,"low":236.112,"close":238.03,"volume":46788610.0,"adj_high":244.0272,"adj_low":236.112,"adj_close":238.03,"adj_open":241.79,"adj_volume":47183985.0,"split_factor":1.0,"dividend":0.0,"symbol":"AAPL","exchange":"XNAS","date":"2025-03-03T00:00:00+0000"},{"open":236.95,"high":242.09,"low":230.2,"close":241.84,"volume":56796200.0,"adj_high":242.09,"adj_low":230.2,"adj_close":241.84,"adj_open":236.95,"adj_volume":56833360.0,"split_factor":1.0,"dividend":0.0,"symbol":"AAPL","exchange":"XNAS","date":"2025-02-28T00:00:00+0000"},{"open":239.41,"high":242.46,"low":237.1,"close":237.3,"volume":40535155.0,"adj_high":242.46,"adj_low":237.06,"adj_close":237.3,"adj_open":239.41,"adj_volume":41153639.0,"split_factor":1.0,"dividend":0.0,"symbol":"AAPL... (set the log level to DEBUG or TRACE to see the full content) 
 </msg>
<msg time="2025-04-21T17:01:18.503970" level="INFO">C:\Users\USER\AppData\Local\Programs\Python\Python313\Lib\site-packages\urllib3\connectionpool.py:1097: InsecureRequestWarning: Unverified HTTPS request is being made to host 'api.marketstack.com'. Adding certificate verification is strongly advised. See: https://urllib3.readthedocs.io/en/latest/advanced-usage.html#tls-warnings
  warnings.warn(</msg>
<msg time="2025-04-21T17:01:18.504455" level="INFO">${response} = &lt;Response [200]&gt;</msg>
<var>${response}</var>
<arg>marketstack</arg>
<arg>url=/v1/eod?access_key=6de3bc3aed9c278a1bd96132cb52d7e5&amp;symbols=AAPL</arg>
<doc>Sends a GET request on a previously created HTTP Session.</doc>
<status status="PASS" start="2025-04-21T17:01:18.076222" elapsed="0.428398"/>
</kw>
<kw name="Evaluate" owner="BuiltIn">
<msg time="2025-04-21T17:01:18.506927" level="INFO">${json} = {'pagination': {'limit': 100, 'offset': 0, 'count': 100, 'total': 100}, 'data': [{'open': 197.2, 'high': 198.8335, 'low': 194.42, 'close': 196.98, 'volume': 52164675.0, 'adj_high': 198.8335, 'adj_low'...</msg>
<var>${json}</var>
<arg>json.loads('''${response.text}''')</arg>
<arg>json</arg>
<doc>Evaluates the given expression in Python and returns the result.</doc>
<status status="PASS" start="2025-04-21T17:01:18.504960" elapsed="0.002007"/>
</kw>
<kw name="Get From Dictionary" owner="Collections">
<msg time="2025-04-21T17:01:18.508102" level="INFO">${data} = [{'open': 197.2, 'high': 198.8335, 'low': 194.42, 'close': 196.98, 'volume': 52164675.0, 'adj_high': 198.8335, 'adj_low': 194.42, 'adj_close': 196.98, 'adj_open': 197.2, 'adj_volume': 52164675.0, 'spl...</msg>
<var>${data}</var>
<arg>${json}</arg>
<arg>data</arg>
<doc>Returns a value from the given ``dictionary`` based on the given ``key``.</doc>
<status status="PASS" start="2025-04-21T17:01:18.507276" elapsed="0.000864"/>
</kw>
<kw name="Get From List" owner="Collections">
<msg time="2025-04-21T17:01:18.508592" level="INFO">${first} = {'open': 197.2, 'high': 198.8335, 'low': 194.42, 'close': 196.98, 'volume': 52164675.0, 'adj_high': 198.8335, 'adj_low': 194.42, 'adj_close': 196.98, 'adj_open': 197.2, 'adj_volume': 52164675.0, 'spli...</msg>
<var>${first}</var>
<arg>${data}</arg>
<arg>0</arg>
<doc>Returns the value specified with an ``index`` from ``list``.</doc>
<status status="PASS" start="2025-04-21T17:01:18.508403" elapsed="0.000220"/>
</kw>
<kw name="Create List" owner="BuiltIn">
<msg time="2025-04-21T17:01:18.509063" level="INFO">${numeric_fields} = ['open', 'high', 'low', 'close', 'volume', 'adj_open', 'adj_high', 'adj_low', 'adj_close', 'adj_volume', 'split_factor', 'dividend']</msg>
<var>${numeric_fields}</var>
<arg>open</arg>
<arg>high</arg>
<arg>low</arg>
<arg>close</arg>
<arg>volume</arg>
<arg>adj_open</arg>
<arg>adj_high</arg>
<arg>adj_low</arg>
<arg>adj_close</arg>
<arg>adj_volume</arg>
<arg>split_factor</arg>
<arg>dividend</arg>
<doc>Returns a list containing given items.</doc>
<status status="PASS" start="2025-04-21T17:01:18.508879" elapsed="0.000215"/>
</kw>
<for flavor="IN">
<iter>
<kw name="Get From Dictionary" owner="Collections">
<msg time="2025-04-21T17:01:18.509828" level="INFO">${value} = 197.2</msg>
<var>${value}</var>
<arg>${first}</arg>
<arg>${field}</arg>
<doc>Returns a value from the given ``dictionary`` based on the given ``key``.</doc>
<status status="PASS" start="2025-04-21T17:01:18.509642" elapsed="0.000215"/>
</kw>
<kw name="Should Be True" owner="BuiltIn">
<arg>${value} == float(${value}) or ${value} == int(${value})</arg>
<doc>Fails if the given condition is not true.</doc>
<status status="PASS" start="2025-04-21T17:01:18.509958" elapsed="0.000324"/>
</kw>
<var name="${field}">open</var>
<status status="PASS" start="2025-04-21T17:01:18.509555" elapsed="0.000770"/>
</iter>
<iter>
<kw name="Get From Dictionary" owner="Collections">
<msg time="2025-04-21T17:01:18.510694" level="INFO">${value} = 198.8335</msg>
<var>${value}</var>
<arg>${first}</arg>
<arg>${field}</arg>
<doc>Returns a value from the given ``dictionary`` based on the given ``key``.</doc>
<status status="PASS" start="2025-04-21T17:01:18.510520" elapsed="0.000202"/>
</kw>
<kw name="Should Be True" owner="BuiltIn">
<arg>${value} == float(${value}) or ${value} == int(${value})</arg>
<doc>Fails if the given condition is not true.</doc>
<status status="PASS" start="2025-04-21T17:01:18.510820" elapsed="0.000292"/>
</kw>
<var name="${field}">high</var>
<status status="PASS" start="2025-04-21T17:01:18.510440" elapsed="0.000714"/>
</iter>
<iter>
<kw name="Get From Dictionary" owner="Collections">
<msg time="2025-04-21T17:01:18.511499" level="INFO">${value} = 194.42</msg>
<var>${value}</var>
<arg>${first}</arg>
<arg>${field}</arg>
<doc>Returns a value from the given ``dictionary`` based on the given ``key``.</doc>
<status status="PASS" start="2025-04-21T17:01:18.511329" elapsed="0.000197"/>
</kw>
<kw name="Should Be True" owner="BuiltIn">
<arg>${value} == float(${value}) or ${value} == int(${value})</arg>
<doc>Fails if the given condition is not true.</doc>
<status status="PASS" start="2025-04-21T17:01:18.511626" elapsed="0.000283"/>
</kw>
<var name="${field}">low</var>
<status status="PASS" start="2025-04-21T17:01:18.511254" elapsed="0.000698"/>
</iter>
<iter>
<kw name="Get From Dictionary" owner="Collections">
<msg time="2025-04-21T17:01:18.512294" level="INFO">${value} = 196.98</msg>
<var>${value}</var>
<arg>${first}</arg>
<arg>${field}</arg>
<doc>Returns a value from the given ``dictionary`` based on the given ``key``.</doc>
<status status="PASS" start="2025-04-21T17:01:18.512117" elapsed="0.000210"/>
</kw>
<kw name="Should Be True" owner="BuiltIn">
<arg>${value} == float(${value}) or ${value} == int(${value})</arg>
<doc>Fails if the given condition is not true.</doc>
<status status="PASS" start="2025-04-21T17:01:18.512423" elapsed="0.000276"/>
</kw>
<var name="${field}">close</var>
<status status="PASS" start="2025-04-21T17:01:18.512043" elapsed="0.000697"/>
</iter>
<iter>
<kw name="Get From Dictionary" owner="Collections">
<msg time="2025-04-21T17:01:18.513079" level="INFO">${value} = 52164675.0</msg>
<var>${value}</var>
<arg>${first}</arg>
<arg>${field}</arg>
<doc>Returns a value from the given ``dictionary`` based on the given ``key``.</doc>
<status status="PASS" start="2025-04-21T17:01:18.512905" elapsed="0.000201"/>
</kw>
<kw name="Should Be True" owner="BuiltIn">
<arg>${value} == float(${value}) or ${value} == int(${value})</arg>
<doc>Fails if the given condition is not true.</doc>
<status status="PASS" start="2025-04-21T17:01:18.513210" elapsed="0.000283"/>
</kw>
<var name="${field}">volume</var>
<status status="PASS" start="2025-04-21T17:01:18.512832" elapsed="0.000702"/>
</iter>
<iter>
<kw name="Get From Dictionary" owner="Collections">
<msg time="2025-04-21T17:01:18.513867" level="INFO">${value} = 197.2</msg>
<var>${value}</var>
<arg>${first}</arg>
<arg>${field}</arg>
<doc>Returns a value from the given ``dictionary`` based on the given ``key``.</doc>
<status status="PASS" start="2025-04-21T17:01:18.513699" elapsed="0.000195"/>
</kw>
<kw name="Should Be True" owner="BuiltIn">
<arg>${value} == float(${value}) or ${value} == int(${value})</arg>
<doc>Fails if the given condition is not true.</doc>
<status status="PASS" start="2025-04-21T17:01:18.513990" elapsed="0.000281"/>
</kw>
<var name="${field}">adj_open</var>
<status status="PASS" start="2025-04-21T17:01:18.513626" elapsed="0.000695"/>
</iter>
<iter>
<kw name="Get From Dictionary" owner="Collections">
<msg time="2025-04-21T17:01:18.514662" level="INFO">${value} = 198.8335</msg>
<var>${value}</var>
<arg>${first}</arg>
<arg>${field}</arg>
<doc>Returns a value from the given ``dictionary`` based on the given ``key``.</doc>
<status status="PASS" start="2025-04-21T17:01:18.514486" elapsed="0.000204"/>
</kw>
<kw name="Should Be True" owner="BuiltIn">
<arg>${value} == float(${value}) or ${value} == int(${value})</arg>
<doc>Fails if the given condition is not true.</doc>
<status status="PASS" start="2025-04-21T17:01:18.514785" elapsed="0.000283"/>
</kw>
<var name="${field}">adj_high</var>
<status status="PASS" start="2025-04-21T17:01:18.514413" elapsed="0.000844"/>
</iter>
<iter>
<kw name="Get From Dictionary" owner="Collections">
<msg time="2025-04-21T17:01:18.515922" level="INFO">${value} = 194.42</msg>
<var>${value}</var>
<arg>${first}</arg>
<arg>${field}</arg>
<doc>Returns a value from the given ``dictionary`` based on the given ``key``.</doc>
<status status="PASS" start="2025-04-21T17:01:18.515670" elapsed="0.000288"/>
</kw>
<kw name="Should Be True" owner="BuiltIn">
<arg>${value} == float(${value}) or ${value} == int(${value})</arg>
<doc>Fails if the given condition is not true.</doc>
<status status="PASS" start="2025-04-21T17:01:18.516076" elapsed="0.000337"/>
</kw>
<var name="${field}">adj_low</var>
<status status="PASS" start="2025-04-21T17:01:18.515388" elapsed="0.001069"/>
</iter>
<iter>
<kw name="Get From Dictionary" owner="Collections">
<msg time="2025-04-21T17:01:18.516817" level="INFO">${value} = 196.98</msg>
<var>${value}</var>
<arg>${first}</arg>
<arg>${field}</arg>
<doc>Returns a value from the given ``dictionary`` based on the given ``key``.</doc>
<status status="PASS" start="2025-04-21T17:01:18.516642" elapsed="0.000203"/>
</kw>
<kw name="Should Be True" owner="BuiltIn">
<arg>${value} == float(${value}) or ${value} == int(${value})</arg>
<doc>Fails if the given condition is not true.</doc>
<status status="PASS" start="2025-04-21T17:01:18.516942" elapsed="0.000279"/>
</kw>
<var name="${field}">adj_close</var>
<status status="PASS" start="2025-04-21T17:01:18.516562" elapsed="0.000704"/>
</iter>
<iter>
<kw name="Get From Dictionary" owner="Collections">
<msg time="2025-04-21T17:01:18.517621" level="INFO">${value} = 52164675.0</msg>
<var>${value}</var>
<arg>${first}</arg>
<arg>${field}</arg>
<doc>Returns a value from the given ``dictionary`` based on the given ``key``.</doc>
<status status="PASS" start="2025-04-21T17:01:18.517443" elapsed="0.000206"/>
</kw>
<kw name="Should Be True" owner="BuiltIn">
<arg>${value} == float(${value}) or ${value} == int(${value})</arg>
<doc>Fails if the given condition is not true.</doc>
<status status="PASS" start="2025-04-21T17:01:18.517745" elapsed="0.000286"/>
</kw>
<var name="${field}">adj_volume</var>
<status status="PASS" start="2025-04-21T17:01:18.517369" elapsed="0.000704"/>
</iter>
<iter>
<kw name="Get From Dictionary" owner="Collections">
<msg time="2025-04-21T17:01:18.518411" level="INFO">${value} = 1.0</msg>
<var>${value}</var>
<arg>${first}</arg>
<arg>${field}</arg>
<doc>Returns a value from the given ``dictionary`` based on the given ``key``.</doc>
<status status="PASS" start="2025-04-21T17:01:18.518243" elapsed="0.000195"/>
</kw>
<kw name="Should Be True" owner="BuiltIn">
<arg>${value} == float(${value}) or ${value} == int(${value})</arg>
<doc>Fails if the given condition is not true.</doc>
<status status="PASS" start="2025-04-21T17:01:18.518536" elapsed="0.000313"/>
</kw>
<var name="${field}">split_factor</var>
<status status="PASS" start="2025-04-21T17:01:18.518166" elapsed="0.000725"/>
</iter>
<iter>
<kw name="Get From Dictionary" owner="Collections">
<msg time="2025-04-21T17:01:18.519236" level="INFO">${value} = 0.0</msg>
<var>${value}</var>
<arg>${first}</arg>
<arg>${field}</arg>
<doc>Returns a value from the given ``dictionary`` based on the given ``key``.</doc>
<status status="PASS" start="2025-04-21T17:01:18.519065" elapsed="0.000198"/>
</kw>
<kw name="Should Be True" owner="BuiltIn">
<arg>${value} == float(${value}) or ${value} == int(${value})</arg>
<doc>Fails if the given condition is not true.</doc>
<status status="PASS" start="2025-04-21T17:01:18.519359" elapsed="0.001540"/>
</kw>
<var name="${field}">dividend</var>
<status status="PASS" start="2025-04-21T17:01:18.518985" elapsed="0.001989"/>
</iter>
<var>${field}</var>
<value>@{numeric_fields}</value>
<status status="PASS" start="2025-04-21T17:01:18.509339" elapsed="0.011703"/>
</for>
<status status="PASS" start="2025-04-21T17:01:18.075666" elapsed="0.445770"/>
</test>
<status status="PASS" start="2025-04-21T17:01:15.320291" elapsed="3.202203"/>
</suite>
<statistics>
<total>
<stat pass="3" fail="0" skip="0">All Tests</stat>
</total>
<tag>
</tag>
<suite>
<stat name="EndData" id="s1" pass="3" fail="0" skip="0">EndData</stat>
</suite>
</statistics>
<errors>
<msg time="2025-04-21T17:01:16.016514" level="ERROR">Error in file 'C:\Users\USER\PycharmProjects\PublicAPI\End_Of_Day_Data\EndData.robot' on line 4: Importing library 'JSONLibrary' failed: ModuleNotFoundError: No module named 'JSONLibrary'
Traceback (most recent call last):
  None
PYTHONPATH:
  C:\Users\USER\AppData\Local\Programs\Python\Python313\Scripts\robot.exe
  C:\Users\USER\AppData\Local\Programs\Python\Python313\python313.zip
  C:\Users\USER\AppData\Local\Programs\Python\Python313\DLLs
  C:\Users\USER\AppData\Local\Programs\Python\Python313\Lib
  C:\Users\USER\AppData\Local\Programs\Python\Python313
  C:\Users\USER\AppData\Local\Programs\Python\Python313\Lib\site-packages</msg>
<msg time="2025-04-21T17:01:17.635744" level="WARN">Keyword 'RequestsLibrary.To Json' is deprecated. Please use ${resp.json()} instead. Have a look at the improved HTML output as pretty printing replacement.</msg>
</errors>
</robot>
